mtest> mtn 150 -a 414

mtest> mtr 40000000

mtest> mtn 150 -a 670

mtest> mtn 150 -a 926

mtest> mtn 150 -a 1182

mtest> mtn 150 -a 1438

mtest> mtn 150 -a 1694

mtest> mtn 150 -a 1950

mtest> mtn 150 -a 2206

mtest> mtn 150 -a 2462

mtest> mtn 150 -a 2718

mtest> mtn 150 -a 2974

mtest> mtn 150 -a 3230

mtest> mtn 150 -a 3486

mtest> mtn 150 -a 3742

mtest> mtn 150 -a 3998

mtest> mtn 150 -a 4254

mtest> mtn 150 -a 4510

mtest> mtn 150 -a 4766

mtest> mtn 150 -a 5022

mtest> mtn 150 -a 5278

mtest> mtn 150 -a 5534

mtest> mtn 150 -a 5790

mtest> mtn 150 -a 6046

mtest> mtn 150 -a 6302

mtest> mtn 150 -a 6558

mtest> mtn 150 -a 6814

mtest> mtn 150 -a 7070

mtest> mtn 150 -a 7326

mtest> mtn 150 -a 7582

mtest> mtn 150 -a 7838

mtest> mtn 150 -a 8094

mtest> mtn 150 -a 8350

mtest> mtn 150 -a 8606

mtest> mtn 150 -a 8862

mtest> mtn 150 -a 9118

mtest> mtn 150 -a 9374

mtest> mtn 150 -a 9630

mtest> mtn 150 -a 9886

mtest> mtn 150 -a 10142

mtest> mtn 150 -a 10398

mtest> mtn 150 -a 10654

mtest> mtn 150 -a 10910

mtest> mtn 150 -a 11166

mtest> mtn 150 -a 11422

mtest> mtn 150 -a 11678

mtest> mtn 150 -a 11934

mtest> mtn 150 -a 12190

mtest> mtn 150 -a 12446

mtest> mtn 150 -a 12702

mtest> mtn 150 -a 12958

mtest> mtn 150 -a 13214

mtest> mtn 150 -a 13470

mtest> mtn 150 -a 13726

mtest> mtn 150 -a 13982

mtest> mtn 150 -a 14238

mtest> mtn 150 -a 14494

mtest> mtn 150 -a 14750

mtest> mtn 150 -a 15006

mtest> mtn 150 -a 15262

mtest> mtn 150 -a 15518

mtest> mtn 150 -a 15774

mtest> mtn 150 -a 16030

mtest> mtn 150 -a 16286

mtest> mtn 150 -a 16542

mtest> mtn 150 -a 16798

mtest> mtn 150 -a 17054

mtest> mtn 150 -a 17310

mtest> mtn 150 -a 17566

mtest> mtn 150 -a 17822

mtest> mtn 150 -a 18078

mtest> mtn 150 -a 18334

mtest> mtn 150 -a 18590

mtest> mtn 150 -a 18846

mtest> mtn 150 -a 19102

mtest> mtn 150 -a 19358

mtest> mtn 150 -a 19614

mtest> mtn 150 -a 19870

mtest> mtn 150 -a 20126

mtest> mtn 150 -a 20382

mtest> mtn 150 -a 20638

mtest> mtn 150 -a 20894

mtest> mtn 150 -a 21150

mtest> mtn 150 -a 21406

mtest> mtn 150 -a 21662

mtest> mtn 150 -a 21918

mtest> mtn 150 -a 22174

mtest> mtn 150 -a 22430

mtest> mtn 150 -a 22686

mtest> mtn 150 -a 22942

mtest> mtn 150 -a 23198

mtest> mtn 150 -a 23454

mtest> mtn 150 -a 23710

mtest> mtn 150 -a 23966

mtest> mtn 150 -a 24222

mtest> mtn 150 -a 24478

mtest> mtn 150 -a 24734

mtest> mtn 150 -a 24990

mtest> mtn 150 -a 25246

mtest> mtn 150 -a 25502

mtest> mtn 150 -a 25758

mtest> mtd -r 5000 -a

mtest> mtn 6000

mtest> mtd -i -r -5
Illegal option!! (-r)

mtest> usage
Period time used : 1.25 seconds
Total time used  : 1.25 seconds
Total memory used: 60.11 M Bytes

mtest> mtp
=========================================
=              Memory Manager           =
=========================================
* Block size            : 40000000 Bytes
* Number of blocks      : 218
* Free mem in last block: 3444480
* Recycle list          : 
[8961] = 2         [3073] = 1         [1543] = 1         [519] = 1         
[15369] = 1         [14345] = 2         [13833] = 1         [4361] = 3         
[2313] = 1         [6925] = 1         [8719] = 2         [785] = 1         
[4630] = 1         [11288] = 2         [10520] = 1         [5148] = 1         
[10526] = 1         [3102] = 1         [3874] = 1         [6436] = 1         
[13350] = 2         [3366] = 1         [3116] = 1         [2092] = 1         
[20783] = 2         [20527] = 1         [10031] = 3         [5167] = 1         
[12085] = 1         [8245] = 1         [4667] = 1         [10813] = 1         
[5181] = 2         [9283] = 1         [7235] = 1         [22342] = 3         
[19782] = 1         [12870] = 3         [10822] = 1         [3398] = 3         
[1862] = 1         [7239] = 1         [9036] = 2         [6992] = 1         
[11090] = 1         [6738] = 1         [14932] = 2         [12372] = 1         
[3412] = 3         [3162] = 2         [5728] = 1         [1634] = 1         
[16739] = 1         [5219] = 2         [867] = 1         [7271] = 1         
[7529] = 1         [7017] = 1         [22123] = 3         [18027] = 1         
[11883] = 3         [5227] = 1         [1643] = 3         [12145] = 1         
[9329] = 1         [3697] = 1         [3701] = 1         [1143] = 1         
[16762] = 2         [12154] = 1         [4474] = 2         [1402] = 1         
[3968] = 1         [4994] = 1         [19586] = 1         [16514] = 3         
[13186] = 1         [7554] = 3         [4998] = 1         [11400] = 2         
[5256] = 1         [3722] = 1         [4236] = 1         [142] = 1         
[9870] = 1         [5264] = 1         [10640] = 3         [4240] = 1         
[4756] = 1         [918] = 1         [4247] = 1         [6811] = 1         
[3485] = 1         [670] = 37        [926] = 44        [1182] = 36        
[1438] = 50        [1694] = 46        [1950] = 40        [2206] = 40        
[2462] = 50        [2718] = 43        [2974] = 39        [3230] = 37        
[3486] = 48        [3742] = 30        [3998] = 41        [4254] = 30        
[4510] = 45        [4766] = 46        [5022] = 38        [5278] = 42        
[5534] = 37        [5790] = 50        [6046] = 41        [6302] = 44        
[6558] = 52        [6814] = 49        [7070] = 45        [7326] = 45        
[7582] = 38        [7838] = 44        [8094] = 35        [8350] = 50        
[8606] = 40        [8862] = 42        [9118] = 43        [9374] = 52        
[9630] = 48        [9886] = 46        [10142] = 52        [10398] = 43        
[10654] = 42        [10910] = 37        [11166] = 44        [11422] = 39        
[11678] = 42        [11934] = 39        [12190] = 47        [12446] = 47        
[12702] = 40        [12958] = 50        [13214] = 40        [13470] = 49        
[13726] = 38        [13982] = 45        [14238] = 34        [14494] = 42        
[14750] = 46        [15006] = 48        [15262] = 43        [15518] = 39        
[15774] = 41        [16030] = 43        [16286] = 48        [16542] = 39        
[16798] = 45        [17054] = 41        [17310] = 45        [17566] = 47        
[17822] = 45        [18078] = 34        [18334] = 33        [18590] = 32        
[18846] = 53        [19102] = 43        [19358] = 42        [19614] = 39        
[19870] = 41        [20126] = 46        [20382] = 40        [20638] = 39        
[20894] = 46        [21150] = 43        [21406] = 41        [21662] = 47        
[21918] = 50        [22174] = 46        [22430] = 47        [22686] = 42        
[22942] = 43        [23198] = 49        [23454] = 42        [23710] = 37        
[23966] = 48        [24222] = 37        [24478] = 33        [24734] = 43        
[24990] = 40        [25246] = 45        [25502] = 45        [25758] = 34        
[159] = 2         [13215] = 2         [6559] = 1         [673] = 1         
[1187] = 1         [17831] = 3         [15271] = 1         [8103] = 3         
[5031] = 1         [7083] = 1         [10670] = 1         [8622] = 1         
[3758] = 1         [18614] = 3         [9142] = 1         [6838] = 2         
[438] = 1         [1464] = 1         [6588] = 1         [3260] = 1         
[15812] = 2         [2756] = 1         [1988] = 1         [20941] = 3         
[12493] = 1         [10445] = 2         [8909] = 1         [6095] = 1         
[720] = 1         [9169] = 1         [10451] = 2         [4821] = 1         
[3799] = 1         [3545] = 1         [16347] = 1         [10715] = 2         
[4571] = 1         [3039] = 1         [6114] = 1         [2018] = 1         
[228] = 3         [18660] = 4         [9444] = 4         [1764] = 1         
[9448] = 1         [1002] = 1         [13802] = 1         [9962] = 1         
[8426] = 1         [752] = 1         [496] = 1         [1777] = 1         
[242] = 1         [13554] = 1         [12274] = 2         [6898] = 1         
[1010] = 2         [7670] = 1         [248] = 1         [1528] = 1         
[10239] = 1         
=========================================
=             class MemTest             =
=========================================
Object list ---
oooooooooooooooooooooooooooooooooooooooooooooooooo
oooooooooooooooooooooooooooooooooooooooooooooooooo
oooooooooooooooooooooooooooooooooooooooooooooooooo
oooooooooooooooooooooooooooooooooooooooooooooooooo
oooooooooooooooooooooooooooooooooooooooooooooooooo
oooooooooooooooooooooooooooooooooooooooooooooooooo
oooooooooooooooooooooooooooooooooooooooooooooooooo
oooooooooooooooooooooooooooooooooooooooooooooooooo
oooooooooooooooooooooooooooooooooooooooooooooooooo
oooooooooooooooooooooooooooooooooooooooooooooooooo
oooooooooooooooooooooooooooooooooooooooooooooooooo
oooooooooooooooooooooooooooooooooooooooooooooooooo
oooooooooooooooooooooooooooooooooooooooooooooooooo
oooooooooooooooooooooooooooooooooooooooooooooooooo
oooooooooooooooooooooooooooooooooooooooooooooooooo
oooooooooooooooooooooooooooooooooooooooooooooooooo
oooooooooooooooooooooooooooooooooooooooooooooooooo
oooooooooooooooooooooooooooooooooooooooooooooooooo
oooooooooooooooooooooooooooooooooooooooooooooooooo
oooooooooooooooooooooooooooooooooooooooooooooooooo
oooooooooooooooooooooooooooooooooooooooooooooooooo
oooooooooooooooooooooooooooooooooooooooooooooooooo
oooooooooooooooooooooooooooooooooooooooooooooooooo
oooooooooooooooooooooooooooooooooooooooooooooooooo
oooooooooooooooooooooooooooooooooooooooooooooooooo
oooooooooooooooooooooooooooooooooooooooooooooooooo
oooooooooooooooooooooooooooooooooooooooooooooooooo
oooooooooooooooooooooooooooooooooooooooooooooooooo
oooooooooooooooooooooooooooooooooooooooooooooooooo
oooooooooooooooooooooooooooooooooooooooooooooooooo
oooooooooooooooooooooooooooooooooooooooooooooooooo
oooooooooooooooooooooooooooooooooooooooooooooooooo
oooooooooooooooooooooooooooooooooooooooooooooooooo
oooooooooooooooooooooooooooooooooooooooooooooooooo
oooooooooooooooooooooooooooooooooooooooooooooooooo
oooooooooooooooooooooooooooooooooooooooooooooooooo
oooooooooooooooooooooooooooooooooooooooooooooooooo
oooooooooooooooooooooooooooooooooooooooooooooooooo
oooooooooooooooooooooooooooooooooooooooooooooooooo
oooooooooooooooooooooooooooooooooooooooooooooooooo
oooooooooooooooooooooooooooooooooooooooooooooooooo
oooooooooooooooooooooooooooooooooooooooooooooooooo
oooooooooooooooooooooooooooooooooooooooooooooooooo
oooooooooooooooooooooooooooooooooooooooooooooooooo
oooooooooooooooooooooooooooooooooooooooooooooooooo
oooooooooooooooooooooooooooooooooooooooooooooooooo
oooooooooooooooooooooooooooooooooooooooooooooooooo
oooooooooooooooooooooooooooooooooooooooooooooooooo
oooooooooooooooooooooooooooooooooooooooooooooooooo
oooooooooooooooooooooooooooooooooooooooooooooooooo
oooooooooooooooooooooooooooooooooooooooooooooooooo
oooooooooooooooooooooooooooooooooooooooooooooooooo
oooooooooooooooooooooooooooooooooooooooooooooooooo
oooooooooooooooooooooooooooooooooooooooooooooooooo
oooooooooooooooooooooooooooooooooooooooooooooooooo
oooooooooooooooooooooooooooooooooooooooooooooooooo
oooooooooooooooooooooooooooooooooooooooooooooooooo
oooooooooooooooooooooooooooooooooooooooooooooooooo
oooooooooooooooooooooooooooooooooooooooooooooooooo
oooooooooooooooooooooooooooooooooooooooooooooooooo
oooooooooooooooooooooooooooooooooooooooooooooooooo
oooooooooooooooooooooooooooooooooooooooooooooooooo
oooooooooooooooooooooooooooooooooooooooooooooooooo
oooooooooooooooooooooooooooooooooooooooooooooooooo
oooooooooooooooooooooooooooooooooooooooooooooooooo
oooooooooooooooooooooooooooooooooooooooooooooooooo
oooooooooooooooooooooooooooooooooooooooooooooooooo
oooooooooooooooooooooooooooooooooooooooooooooooooo
oooooooooooooooooooooooooooooooooooooooooooooooooo
oooooooooooooooooooooooooooooooooooooooooooooooooo
oooooooooooooooooooooooooooooooooooooooooooooooooo
oooooooooooooooooooooooooooooooooooooooooooooooooo
oooooooooooooooooooooooooooooooooooooooooooooooooo
oooooooooooooooooooooooooooooooooooooooooooooooooo
oooooooooooooooooooooooooooooooooooooooooooooooooo
oooooooooooooooooooooooooooooooooooooooooooooooooo
oooooooooooooooooooooooooooooooooooooooooooooooooo
oooooooooooooooooooooooooooooooooooooooooooooooooo
oooooooooooooooooooooooooooooooooooooooooooooooooo
oooooooooooooooooooooooooooooooooooooooooooooooooo
oooooooooooooooooooooooooooooooooooooooooooooooooo
oooooooooooooooooooooooooooooooooooooooooooooooooo
oooooooooooooooooooooooooooooooooooooooooooooooooo
oooooooooooooooooooooooooooooooooooooooooooooooooo
oooooooooooooooooooooooooooooooooooooooooooooooooo
oooooooooooooooooooooooooooooooooooooooooooooooooo
oooooooooooooooooooooooooooooooooooooooooooooooooo
oooooooooooooooooooooooooooooooooooooooooooooooooo
oooooooooooooooooooooooooooooooooooooooooooooooooo
oooooooooooooooooooooooooooooooooooooooooooooooooo
oooooooooooooooooooooooooooooooooooooooooooooooooo
oooooooooooooooooooooooooooooooooooooooooooooooooo
oooooooooooooooooooooooooooooooooooooooooooooooooo
oooooooooooooooooooooooooooooooooooooooooooooooooo
oooooooooooooooooooooooooooooooooooooooooooooooooo
oooooooooooooooooooooooooooooooooooooooooooooooooo
oooooooooooooooooooooooooooooooooooooooooooooooooo
oooooooooooooooooooooooooooooooooooooooooooooooooo
oooooooooooooooooooooooooooooooooooooooooooooooooo
oooooooooooooooooooooooooooooooooooooooooooooooooo
oooooooooooooooooooooooooooooooooooooooooooooooooo
oooooooooooooooooooooooooooooooooooooooooooooooooo
oooooooooooooooooooooooooooooooooooooooooooooooooo
oooooooooooooooooooooooooooooooooooooooooooooooooo
oooooooooooooooooooooooooooooooooooooooooooooooooo
oooooooooooooooooooooooooooooooooooooooooooooooooo
oooooooooooooooooooooooooooooooooooooooooooooooooo
oooooooooooooooooooooooooooooooooooooooooooooooooo
oooooooooooooooooooooooooooooooooooooooooooooooooo
oooooooooooooooooooooooooooooooooooooooooooooooooo
oooooooooooooooooooooooooooooooooooooooooooooooooo
oooooooooooooooooooooooooooooooooooooooooooooooooo
oooooooooooooooooooooooooooooooooooooooooooooooooo
oooooooooooooooooooooooooooooooooooooooooooooooooo
oooooooooooooooooooooooooooooooooooooooooooooooooo
oooooooooooooooooooooooooooooooooooooooooooooooooo
oooooooooooooooooooooooooooooooooooooooooooooooooo
oooooooooooooooooooooooooooooooooooooooooooooooooo
oooooooooooooooooooooooooooooooooooooooooooooooooo
oooooooooooooooooooooooooooooooooooooooooooooooooo

Array list ---
ooooooxooooooooxoooooooxoxxoooxoxoooxoooxoooxooxxo
ooooxxoxxooooooooooxxooxooooooooxooxoxxoooxoxooooo
xoxooooxooxooooxooooxoooooxooooxoooxoxoooooxoxoooo
oxxooxoxoooxoxoxxooooxxooooooooxoooooxoxxxooxooooo
ooooooxxooxxoxooxooxoxooxooxoooooooxooxxoooxoooxox
ooooxooooxooooooxxxoxooxooooxoxooooooooxxooooooxoo
ooxoxoooxooooxooxxooooxoxooxoooooxoooooooxooooxoox
ooxooxoxoxoooxooxooooxoooooxxooxoooooooooooooooooo
xooooooooooooooxoooxoxxoxoxoxxoooxoxooxxoooooooooo
ooxoxoooooxoooooooxoooxooxooxoooooooooxxxooxoxoxoo
ooxxoxxxoxooooxoxooxooxooooooxoxooooooxoxxxoooxxoo
ooooooooooooxxxxxxxxxooxxoxoooooxooxooooxxooooxoxx
xoooxooooooxoooxxxoooooxxxoooooooooooxoxoxoooooooo
xooxxooxxxooooooxxxxoooooxxxooxxxxxooooxxooxxoooox
xoxooooooooxooxoxoooooxoxoxooooxxooxoooooooooooooo
xooxxooooooxoxxooooxoxooooxoooooxoooxoxoooooooooxx
ooooxoooxoooxooooooooxxoxooooxoooooooxoooooxxoooox
oooooooooooooooooxoxooxoooxxxoxoooxxoxoxoxoxxooxoo
oooooooooxooxooooooxoooooxooxoooxxoooxooooxoooxxoo
oooxoooooooooxoooxxoooxxooooxoxooxooooxooxxxooooox
xooxooooxooooooooxoxoxooooxooooxoxoooxxooxxoooxoxo
xooooooxooxoxxoxoooxoxxooxxooxxooooxooxxoooxoxxxoo
ooooooooxxooooooxoxxxooxooxooxoxxooxooooxooooxooxx
oooooxoxooooooooxoxooxoooooooxxooxooooxxoooxooxoxx
oooooooooooooooxxxooooxoxooooxoxxxoooxoooooooooxoo
xooxooooxoooooooooxxxxoooxooooooooxoxoxxoooxoxxooo
oxxooxxxxoooxxooooooxoxooxooooxxooxxoooxxooooooooo
ooxooxooxoooxoxoooooooxoxooxxooooooxooxoooooxxxoxo
oxxooooooooooooxooxoxoooooxxoxoooxooxooxoxoooxxxoo
xooooooooooooxoxoooooooxxooxoooooooxxoooooooooxooo
ooxooooxxooxxooooxooxoooooooooxooxxoxoxoxooooxoxoo
oooxoooooooooxooooooooooooooxoooxooxooooxxxooooxoo
oooooooxoxoxxooooooooxxxxooxoooxoooxxoooooooooooxo
oxoooooooooooxooxoxooxooooxooooooooxxxoxxxxooxoooo
ooooxxoxxxxxxxoooooooooxxoxxoooxooooooooxooooooxoo
xoxooxooooxoxxooooooxoxooooxooxoxxxxooooxoooxooxox
oxoooooxxooooooxoooxoooxooooxooxooxxxxooooxooooxoo
oooxooxxoooooxooooooooooooxooooooooooooooxooxoxxox
ooooooooxooooxoooxoooooooooooooooxoooooooxoooooxoo
xoooooxoooooooooooooooooooxoxxoooooxooooooooooooox
xoxoooxooooxoxooxxxxxxxooxxoxoooxxoxoxxooooooxoooo
oooooxoooxoooxoxxxoxooxxooooxooooooooooxxoxooooooo
ooooxxoxoxxoooxooooooooooooxooxoooxooooooooooxooxo
ooooooooooxxoxoooooooooxoooooooooxooxxooooxooooooo
ooooooooooxxxoxxooxoooooooooxoooooooxoxoooxxoooooo
oxoxxoxxoooooxooooxoxoxxoooooooooooooxxoxxoooooxoo
ooooxoooxoxxoxxooooxxxoxoooooooxooxxooxoooooooooox
xooooxxoooooooxoooooxxooxooxoooooooooxxoxxooxxooox
ooooxxoxxxoooxooooxoooxxooooooooxxoooooooooxxoooox
oooxooooooxxooxoooooooxxooooooxxxxoooxoxxxxooooxoo
xoooooooxooooxooooxxoxooooxxoxxoxooooxxooooxooooxx
ooooooxoxooooxoooooooooxoxoxxooooooooxooxxxxoooooo
xoooooooooxoooxxoooooxxxxooxoooooooooooxxoooooxxoo
oooooooooooxoxxxoxxooxoooxoooooooxxoooxxoooooxoooo
xoooxooooooooxxooooxoooooooxooooooxoooooooooxxxooo
oxoooxooooxoxoooooooxxoooooxoooooooooxoxoooxoxxooo
xxooxxoxoooxxoooxoxoxoooooxoooxoooxxoxxxxoooxooxoo
xoooooxoxooooooooooooxxoxooooxoxxooooooooxoxoooxxo
ooooooxoooooooooooxoooxxooxoxooooooooxxooxxxoxoxox
oooooxooxoooooxxooooxooxoooooxoooooxxooxoooooooooo
xoxooxxxoooxoxxxxxxoooxooooooxooooooooxooxooooooxo
ooxooooxooxxoooooooxoooooxoxoxxxooooooxoxooooooooo
xoooxoxoxooxxoooxooxooooxxxooooxxxxooxooxoooxxoxox
xoooxoooxoxoooxooooxoxooooxxxooxoxooxoooooooxooooo
ooxooxooxxxxxxoxooxoooxoooooooooooxoxooooooooxoxoo
ooooooxoxoxoooxxooooooooxoxxxxooooooooxoooooooooox
xoooooxooxoooxoooooooxooxoxoooxooxxoooxoxxoooooooo
ooxoxoooxxoooooxxoooxoooooxxoooxoxoxoxooooooooxoox
xoxoxxxxooxooxxoxxoooxooxoxxooooooxooooooooooooooo
xoooxooxxoxoooooooxxoxoxxoooxoooxoooxxooxxooooxoox
xooooooxoxooooxxoooooxoooxooxxxoooxoxooooooxoxooxo
xoooooxxxxooxooooxoxooxooooxooxxxooxoxoxxooooxxooo
ooxooooxxxoxoxoxxoxxoxoxooooooooxoxxooooxoxooxooox
oxoooooxooooooooxoooooooooxoooooooxooxooxoooooooxx
ooooxxxxooxxooxoooxxoxxooxxoooxoxoxoxoxxxooooooxoo
xooxxooooxoxoxoooooooxooxooxxoxxxooxooooxoxoooooxo
ooooooxooxoxoooooooooxoooxxoxoooxxxooooxoxxxoxooox
ooooooxoxxxooxoxooooooooooxoooxooxoooxoooooooxxooo
xoxoxooxooxoxooooxoxooxooooooxooxoxooxoxxoxoooxooo
xxxooxooooxooooxooooooooooooxoxoooxooooooxoxxoooxo
ooxooxoxooooooxoxooxoooxxoxooooxxooxooxoooooxooxoo
xoxoooooooxxoooooxoooooooxoooxoooxoooooooxooxxoxox
ooxooooooooooxoooxxoooooooooxoooxxxxooooxxoooxoooo
ooxoooooxxoooxoooxoxooxoxxoooooooooooxooxoxoxooooo
oxxxoooxooxxxxooxoxxxxooxooooxoooooooxoooooxoooooo
oooooooooxooooooooxxooxooooxoxooxooxoooxooooooooox
oxoxooxooxooooooxoxxooxxooxooooxxooxooooxooooxooxx
ooxooxooooooooxoxoooooooxxoxooxooooooxoxxoooooxooo
ooxoxooxxoxooxooxooooooooxoooooooxxooooxoooooooxoo
oooooooooooxxoxooxxoooooooxxooooxxooooxoooooooxooo
xooxxoooooxoooxxxooxoxoooxooxooooxxoooooxxoxooooox
oxoxxxxooooxoxooooooxoxooooooxoxoooooooooxoxooooxo
xxooxxxxooooooxooooxooooxxxxooooxoooooxooxoxooxxox
ooooxoxooxooooxoxoxooxooooxxooxxoooxoxoooxxxoxoooo
oooooxxooooooxooooooxoxoooooooxoxxooooxooxooxxooxx
oxoooxxooooooxooxooooooxoooooooooooooxooxooxoooooo
oxoxoxxxoooooooxoooooooooxooooxoxxoooxoxoxooooooox
ooxoooxxxoooooxoxoooxooxooxoxooooxooxoooooxooooooo
ooooooxoooooxxoooxxoooooxoooooooxxoooxooxxoooxxxxo
oooxxxxxoooxxoooooxxooooooxxooooooooxoooxxooxoooox
oooooxoxoxxooooooxooxoxoxooxoxxxxxoooooooooooooooo
ooxoooxxoxooooxxooooxooooxxoooooooooooxxooooooxoxo
xxoxooooxxxoooooooxxoxxxooxoooooooxoooooxoxoxxoooo
oooooxoxxooooxooxoooxoooxoxoxoooxooooxoooxxxxooooo
xxooxxoooxoooxoxoxoxooxxoooooooxooxxooxxoooxooxoxx
oooooooooooxooooooxxxoooooooxooxooooxxxoooooxxoxoo
xooxxoxooxoxooxxoxoooxxoxoxoooxxooooooooxoxxxoxooo
ooxxxooooooooxxxoxoxoooxoxooxooxooooooooooxxoxooxo
ooooxooxxxoooxxoooooxoooxxoooxoxoooooooxxooooooxoo
xxoooooooxoooxxoxxooooooooooxoxoooxoxoxoxxooxooxxo
xxxoooooooxxoxooxxxxooooxooxooooooooooooxxooxooooo
xoxoxxxoxoxoxoxxoxxoooooxxxoooxoxoooooooxooooxoooo
oooooxxoxooooxoxxxoxoooxoxoxooxxooxoooxoxooooxxooo
oxoooooxoxxoooxoooxooxxoooooxoooxooooxooxoxxooxooo
oxxoxoxxxooooxoxoooxoooxoooxxooxxooooooxxooooxooxx
oooxoooooooooooooooxooxxoooooxooooooxxoxoxooxoooxo
oooxoxxxoooooxooooooooooooooooxoxooooooxoxoxoxxxoo
xoooooooooxooooxooxoxxoooxoxxoooooxoxooxoooxoxooxx
ooooooooxoooooxxooooxooooxooxxooooxoooooooooxxoxox
xooxoxoooooxoxoxoxoooooooxoooxoxxooxooooooooooxoox
oxooooooooooooooooxoxxooxoooxxoxooxooooooooxooooox
oxoxoxooooxoooxoxxoooxxooxooxxxooooxxooooooooooxoo
ooooxooooxoooxooxoooooooooooxoxoxooxoooxooooooxooo
ooxooxoxoooooxxooooooooxoxooxooxxxoooxoooxoxooxooo
ooooooxooxoooxoooooxooooxxoooooxoxxoooxoooooxooxoo
oooxooxxooxxoooooxoxoooooxooxoxooooxoxoooxxxoxooox
oooooooxooxxoooooooxooooooooxoooooooooooxxoooxoooo
xoxoxooxxxoooooooxxooxxooxoooooooxooxooooooooooxoo
oooooooooxxxoooxooxoooooooxoooxooxoooxoxxxoxxxxxoo
xxoxooooooooxooooxoxooooxxxooooxooxxoxxoooxooooooo
oxoooooxoooxoooxooxoxxoooxoxooooooxoxooxooooooxooo
ooooooooxxooxoxoxxoooxooooooxooooooooxoxooxooxoxxo
oooxxoooooooooooooooooxoxoooooxooooxooooooooooxooo
oooooxxoxxoxooooooxoooooxxooxooooxxoooooxxoooooxxo
oxxoxooxooooxooooxooooxxxoxxxxooooxxoooxxooooooooo
xoxoooxooooooooxooxooooooxoxooxoooxoxoooxxxoooxxxo
xxooxooooooxxoooxoooooxoxooxxoxxooxoxoxxoooooooooo
oooooooooooxooxoxxxoxoooxoooxxxooxoooxooxxxooooooo
oooooooooooooxooooooxooxoooxoxoxooxooxoxoxxoooooox
oxoxoxxooooxoooooooxoxooooxxoxooooooxoooxxoxoxoooo
xooxoxooxxxxoxxxoooooxxooooooxxxooxoxooxoooxoooxoo
ooooooxxxoooxoxoooxxoooooooooooxoooooxooooooooxxoo
ooxoxooooxooooooooooooooxoooooxxoxxxooooooxoooxxox
ooxooooxxooxoooooxxooxooooxxoxxoooooooxooxooxoooxx
xxoxooxxoooxoooxooooxxoxoxoooooxooxoxoooxxoooooooo
ooxxoxxoooxooooxoxxooxxooxxoooxooooxooooxoxooooooo
ooooxoxxooooooooooooxxoooooxoxoxxxxoooxoxxxoooxxox
oooxooooxoooooxooooooooooooooxooooxoxxoooxooooooxo
oooxoxoxoooxooxooooooooxooxoxxoooooxoooxoxooooxooo
ooxxooxxoxoxoxxooxxooooooxoooxxxxoooooxooooooooxox
xxooxoooooxxoooxoooooooooooxoooxoxxoxooooooooxxooo
ooxooooxoxxoooooooxoooxoxoxoooooxoooxoxxoooxoxxoxx
oooxoooxoooxooxoxoooxxxoooxooxooxooooooxxxxooxxxxo
xooooooooxooooxoooooxoooooooooooooxoooxoxooooooooo
xooooooxooxxooxxoxxoooxooxoxoooooxooxoooooxxxoooox
xxoooooxxooooooxoooxooxoxoxoxooooooooxooxooooooxxo
xoxoooxoooooooooxoooxoxoooxooxxooooooooooooxoxxxox
oooxxoooooooooxxooooooxoxooxoooxxooxxoooxxxoooxoox
xooxxooxooooooooxooxoooxoxooooooxoxooxxoxoooooooxx
xoxooooooooooxoooooooooxooxxxooooooooooooxooooxooo
ooooooxooxooooooxxxoooooxoxoooooxooxxooxooooxooooo
xoooxoooxoxxooxxooooxoxooooooxooooooooxxoooooooxoo
oxxoooooxoooooxxooooxooooxoooxxxoxoxoooxooxooooooo
ooxoxooooooooxxxoooooooooooooxoooxoooxoooxxxooxoox
oxooxxooxoxooxoooooooooooxxxoooxoxoooxoxooooxoxooo
xoooooooxooooxoooooooxxxooooxxoxoooxooooxxooxoooox
oooxoxoooxoxoooooooxxooxoooxoxxooooooxxooxxxxooooo
oxoooxxoxxooxooooxoooxxooxoooooooxoxoxxoooxoooxooo
ooxoooxoxxooxooxxooxooooxxxooxxooxoooooxooxooxoxox
xxxoxooxxooooxoxxoxxoooooooooooxoooooxxoxoooooooxo
ooxooooxoooxooxoxoxoooooooxxoxooxooooooooxooooxoxo
oxxooooxoxxooxxxooxxoxooooooooooxoxooooooxooxooooo
xoxoooxooooxoxoooooooooooooooooxxooxooxooxxoxoxoxo
oxooxooxoxoxoooxoxooooxooxxoooooooooxooooxooooxoox
oooooooxxooooxxooooooooooxooooxoxoooxooooooooooxxx
oxoxoooxoooxoooxoxoooooooxoooooooooxooxxxoooxoooxo
xxoxxooooooooooxoooooxoxoxxooxooxoxoooxooxooooooxo
xooooooxxxxooooooooxooooooooooxoxoooxoxxoooooxoooo
oxooooooooooooxooxxoxoxooxxoooooxxooooooooooxxxooo
oxoooooooxoxxxxxxoxxooooooooooxooxoxxoooooooxoxooo
xoooxooxxxoooooooooxxooxooooxxxooxoooxooxoooooooxo
oxxooooxooooxxoxxxooooooooxoxooxooooooxoxxxooxoooo
oooooooooooooooooooooooxooxxxxoxooooxoooooooxxxxxo
xxxoxooooxoxxxooxooxoooooooxoxxoooxooooooooxoooxoo
xoooxoxoooooxoxoxoooxooxoooooooooooxoxoooooooooooo
xooxxooxxooooooxooxxooxooxxxoxxoxooooxooxoxxoxoxxo
oooooooxxooxooxoooooooxoooxooooxoxoooooxxoooxxoooo
xooxoxooxoooooxooooxxxoooooooooooooxooxoooooooooxx
oxoxooxooooooooxooxxxooxxooooxooxoxooooooooxoxoxoo
oooooooxooxxoooxooooooooxoooxoooooooooxooxoooxxooo
ooxooooxxooxoxoxxooooxoxxooxoxoxoooooooooooxxoxoox
oooxoxxoooooxxxoxooxooooxoooxoooxoxxoxoxoooxoxoxoo
oooxxoooooxxooooooxoxoooooooooxoooxooooooooooxooxo
xoxoxxooooxxoxooxxoooooxooooxooxxooxxxooooxoxxoooo
ooxooooooooooxooooooxooxxxoxoooooooooooooxxoxxooox
xxooooooxooxxooxoooxoxoxxoxoooooxooooooxxooooooxoo
oooooxooxooooooooooooooooxooooxooooxxxxooooooxooox
xxxxoxooooxoxoooxxxxoooooxoxoooxoxoxxoooooxoooxoox
oxxxoooxoxooxxoxxxooxxxooooxoooooooooooxooooooooox
oxoxxxooooxoooxxxooxxxxoxooxooooxooooooooooxoxooxx
oooxooxooxooooxoooooxoxooooxoxooooooooxoooxoooooxx
ooooooooooxoxxoxoooxoooooooooooooooxooxooxxooxoxoo
oooooxoxxxxoooxxxooxxoxooooxxoxoxoooxooxxooooooxxo
ooooxxooxxoooxxoxoooxoxxooooooxxoooooooxooooooooxo
xxxoooxoxxxooooooooooooooxoooxooxooooooxoxooooooox
oooooooooooxooooooxooxooooxooooxooooxooooooxoooxoo
oooooooxoooxoxxooxoooooxoxxooooxoooxxooxooooooooxo
ooxooooooxoooooxooooooxoxoooooxxxoooxoooooooooxxoo
ooooxoxoxooooxoooxoxoooooooooxxooooooxooooooxooooo
ooxooooooooxoxoooxooxoooxoooxoxoooooooxooooooxooxx
ooxxoooxoooooooooxoxxooooxoxoooooxxooooxoooooxoxox
ooooooxoooxoooooooooxooooooxooooooooxooxooxoxoxxox
oooooooooooxoooooxooxooxooooxoooooxoooooxooooooooo
ooooxxoxxxooxooxxxxoxoooxxooooooooxxoxxoooxxoxoooo
xoooooooooxxxooooooxxoooxoxooxooooooooooooooooxoxo
oooxoooxoxxxoxooooxxoxxooxoxxoxxxxooxooxoooxxxoooo
ooxoxoxxoooxoooxxooooxooooooooooxoxxoxxooooooxoooo
ooooooooooooooxooooooxxxxxoooxxxoxoooxoxooooxoxooo
xoooooxoxxoxooxoxooxooooooooxoxooxoxooxoooxxoooooo
ooxooooooxoxooooxooxxooooooxxxoooooooxooooooxxxooo
ooooxxooooxooxooooooxxoxoooxxxoxxooxooooxoxxoooooo
xooxoooooooooooxoxoxoooooooxxooxoxxoooooxxooooooox
xxoooooooxxoxoxoooooooxoxooxooxxoxoxooooxoooooxooo
xxoooooooooooxxxooooooxooxoxooxoxoooxoxxoooooooxoo
ooxooooooooxoooxxxooxoooooooooooooooooxooooooxoxxo
oxxoooxoxoooxoooxooooxxooooooooxxooxoxoooxoooooxxx
oxxooooooooxooxooooxxooooxooooooooxooxooxxoooooooo
oxoxoxooxooooooxoooxxoooxoooooxoooooooooxxoxoooxxo
oxoxxxxoooooxooxooxxooxoooooxxxoooxxooxxoooxooooxo
xoooooxoooooooxxoooooxooooooxxooooooxxoooooxoooxox
xooooooooooxxoxooxxxxxxooooooooooxoooooooooooxxoxx
ooxxoooxxoxoxooooooooxoooxoxooxoxxxoxxooxoooxooxxo
oxooooooxoxooooooooooooxxxooooxoooooooxooooooxoooo
oooooxooooxooooooxoxooxxoooxooxoxoxooooxooooooxooo
ooooooooxxoooooooxoxxoxoooxoxxoxxoooooooooooxooxxx
oooooxooxoxxoooooooooxooxxxoxoooxxxxooooooooxooooo
oooxxooxoooooooooooxoxoooooxxooooooxoxooooooooxooo
oxooxooooooxooxooxoxoooooxoxxooxooooooooooxoxoooxo
oxooooooxxoxoooooxoooxooooxxoooooxxoxxoxooooxxoxxo
xxxxooooxoxoooooooooooxoxoxxooxxoooxxoooooxoooooox
ooxooooxoxooooooooooxooooxoxoooooooooxooooooooooxo
xoxxooooooooooxoooooxxoxoxxooxooxooxoooxxoxoxoxoxx
oxxooooooxoxoxxxooooooooxoxooxooxoooooxooooxoxxoox
ooooxoxxoooxooxoxoooxoxoxxoxoxooooooooxxxoxoxoxxoo
ooxoooooooooooxooxooooooooxoxxoooooooxoooxooxooooo
ooxooxoooxooooooxoxxooooxooooooooooxxoxoooxxoooxoo
ooooxooxoooooxooxxooxooxxoxxooxoxooooxxooooooxxxox
oooooooooxxooooxoxxooxoxoooooxooooxooxoxxxooxooooo
ooxoooooxoxxooxooooxoooxooxxxoxxoxooooooxoooooooox
xoooxoooxooxoooxooxxooxoooooooooxoxxxoooxooxxoxxox
ooxoxoooooooxoxoxoxxoooxoxooooxoxooxoxxxoooooxooxo
xoxoooxoxxoooxoxoxxooooooooooooooxxoooooxxooooxxoo
oooooooxoooooxxoxxooooooooxxooxoooooooxoooxooooooo
ooooxoxxxoxooooxooxooxoooxooxooxoxooooooooxxoxoxox
oooooooooxxxoooxoooxxxxooxoooxooooxooxoxooxxoxoxxx
ooxxooxooxxooooxoooooooooooxoxoooxooooxoooooxoxoxo
oooxxoooxooxxooxoxoooxooooooxooxoxxxxooxooxxoxoxoo
xooxooxxoxooxooooxoooooooooooxooooxxoooxoxoooxxoxo
xoxoooooooooooooxoooxxooxxooxooooxoooxxxoooxoxooox
xoxooxooxoxooooooooxoooxooxxooxooooxooooxoxooooooo
ooxxooxooxoxooxxoooooxoooxoooooooxoxoooxoxooooxooo
oooooxooooxxxooooooxooxooxooxoxooxoooxooxoooooxoxo
xoooooxoooxooxoooxoooxoooooxxoooooooooxooxooooxooo
ooxxoxoxxxxoxooxooxooooooxoooooxoooxoooxxoooxoxoxo
ooooooxoxooooxxoxoooooxooxxxoxoxoxxxooxoooooooxoxx
xoxxoooxoooxoxoooxoxoooooxooooxoxoooxoxoooxoxoooxo
oxoooxoxxoooooxoooxoxxoooooxxoxoooooooxooxoxxooooo
oooooooooooooxoooooooooooxoooxoooooooxooooooooooox
oxxxoxooxxxoxoxxxxxooooooooooxooxoxooxooxxxxoxxoxo
xoooooooxooxooxxoxooxoooxooxooooooxoooooxooxoooxoo
ooooooxxoxooxoooxoooxooooxoooooooooxoooooooooxoxoo
xxxoooooooooooxoxxxoooooooxoxooooooxxoxooxoxoooooo
oooooooxoooooxxoxooooooooooooxxoooxoxooooxxoxxooxo
oxoooxoxoooxooooxooooxxxxxoooooooooooxxxooooooooox
oooooxooxoxooxooxoooxoooxooooooxoxxoxooxoxxoooxooo
oxooxooooooxoooxoooooxxxoooooxoxooxxooooxxxxoxxxxo
ooxooooooooooxooooxoooooxooooooxxoxoxooooxoooooooo
ooooxxoxoooxoooooxxooxoooooxooooxoooxooooooxxooooo
xooooxooooxxooxoxxxxoooxoooooxoooooooooxxoxoxoooox
ooooxoooooxooxooooxoooooooooooooooooxxxoooooxooooo
ooooooxoooooxooooxoooxooxoxoooooxoooxxoooxxxoxoooo
xxooooxoooxoxooooooooooxoooxoooxoxoooooooxxooxoooo
ooxxxooxxxxxoooooooooxoxoooxxoxxooxoooooxooxoxoxoo
ooxoxoxooxoooxooxxoxooooxooooxxxooxoxoooxxxooooooo
ooxxooxooxoxoooxoooxoooooooooooooooooooooooooooooo
oooooooooooxoooxoxoooooxoooooooxoooxooxxoxoooxxoox
xoooxoxoxooooooxoxxxoxoooooooxxooooooxxooooooooooo
xoooxoooooxooxoooxooxoooxooxooooxxxxxoxoooooooooxo
oxooooooooooxoxooooxoooxoooooxoooxoxxxoooooxoooooo
oxooxxxooooooooooooooxoxxoxooxooxxooooooooooooxxox
ooooooxoxoxoxxoxoxoooxoxoooxxoxxoxooxoxxxooxooooxo
oooooooxoxoxoxxxxxoxooxoooxoooooxoooooxxxxoxxxoxoo
oooooooooooxoooooooxoooxxoxoxoxooooxoxoxooxoooxooo
ooooxoooooxoooooxoooooooooxoooooxxxxoxxooxooooxoxo
xoxooooxoooooooooooooxoooxoooooxoooooooxooooxxxxoo
oxoooxoxooooxooxooxooxooxoxoooooxoooxoxooooxooxxoo
ooooxoooooooooooooxooooxooxooooxooooooxxxooooooooo


mtest> mtn 150 -a 26014

mtest> mtn 150 -a 26270

mtest> mtn 150 -a 26526

mtest> mtn 150 -a 26782

mtest> mtn 150 -a 27038

mtest> mtn 150 -a 27294

mtest> mtn 150 -a 27550

mtest> mtn 150 -a 27806

mtest> mtn 150 -a 28062

mtest> mtn 150 -a 28318

mtest> mtn 150 -a 28574

mtest> mtn 150 -a 28830

mtest> mtn 150 -a 29086

mtest> mtn 150 -a 29342

mtest> mtn 150 -a 29598

mtest> mtn 150 -a 29854

mtest> mtn 150 -a 30110

mtest> mtn 150 -a 30366

mtest> mtn 150 -a 30622

mtest> mtn 150 -a 30878

mtest> mtn 150 -a 31134

mtest> mtn 150 -a 31390

mtest> mtn 150 -a 31646

mtest> mtn 150 -a 31902

mtest> mtn 150 -a 32158

mtest> mtn 150 -a 32414

mtest> mtn 150 -a 32670

mtest> mtn 150 -a 32926

mtest> mtn 150 -a 33182

mtest> mtn 150 -a 33438

mtest> mtn 150 -a 33694

mtest> mtn 150 -a 33950

mtest> mtn 150 -a 34206

mtest> mtn 150 -a 34462

mtest> mtn 150 -a 34718

mtest> mtn 150 -a 34974

mtest> mtn 150 -a 35230

mtest> mtn 150 -a 35486

mtest> mtn 150 -a 35742

mtest> mtn 150 -a 35998

mtest> mtn 150 -a 36254

mtest> mtn 150 -a 36510

mtest> mtn 150 -a 36766

mtest> mtn 150 -a 37022

mtest> mtn 150 -a 37278

mtest> mtn 150 -a 37534

mtest> mtn 150 -a 37790

mtest> mtn 150 -a 38046

mtest> mtn 150 -a 38302

mtest> mtn 150 -a 38558

mtest> mtn 150 -a 38814

mtest> mtn 150 -a 39070

mtest> mtn 150 -a 39326

mtest> mtn 150 -a 39582

mtest> mtn 150 -a 39838

mtest> mtn 150 -a 40094

mtest> mtn 150 -a 40350

mtest> mtn 150 -a 40606

mtest> mtn 150 -a 40862

mtest> mtn 150 -a 41118

mtest> mtn 150 -a 41374

mtest> mtn 150 -a 41630

mtest> mtn 150 -a 41886

mtest> mtn 150 -a 42142

mtest> mtn 150 -a 42398

mtest> mtn 150 -a 42654

mtest> mtn 150 -a 42910

mtest> mtn 150 -a 43166

mtest> mtn 150 -a 43422

mtest> mtn 150 -a 43678

mtest> mtn 150 -a 43934

mtest> mtn 150 -a 44190

mtest> mtn 150 -a 44446

mtest> mtn 150 -a 44702

mtest> mtn 150 -a 44958

mtest> mtn 150 -a 45214

mtest> mtn 150 -a 45470

mtest> mtn 150 -a 45726

mtest> mtn 150 -a 45982

mtest> mtn 150 -a 46238

mtest> mtn 150 -a 46494

mtest> mtn 150 -a 46750

mtest> mtn 150 -a 47006

mtest> mtn 150 -a 47262

mtest> mtn 150 -a 47518

mtest> mtn 150 -a 47774

mtest> mtn 150 -a 48030

mtest> mtn 150 -a 48286

mtest> mtn 150 -a 48542

mtest> mtn 150 -a 48798

mtest> mtn 150 -a 49054

mtest> mtn 150 -a 49310

mtest> mtn 150 -a 49566

mtest> mtn 150 -a 49822

mtest> mtn 150 -a 50078

mtest> mtn 150 -a 50334

mtest> mtn 150 -a 50590

mtest> mtn 150 -a 50846

mtest> mtn 150 -a 51102

mtest> mtn 150 -a 51358

mtest> mtn 150 -a 51614

mtest> mtn 150 -a 51870

mtest> mtn 150 -a 52126

mtest> mtn 150 -a 52382

mtest> mtn 150 -a 52638

mtest> mtn 150 -a 52894

mtest> mtn 150 -a 53150

mtest> mtn 150 -a 53406

mtest> mtn 150 -a 53662

mtest> mtn 150 -a 53918

mtest> mtn 150 -a 54174

mtest> mtn 150 -a 54430

mtest> mtn 150 -a 54686

mtest> mtn 150 -a 54942

mtest> mtn 150 -a 55198

mtest> mtn 150 -a 55454

mtest> mtn 150 -a 55710

mtest> mtn 150 -a 55966

mtest> mtn 150 -a 56222

mtest> mtn 150 -a 56478

mtest> mtn 150 -a 56734

mtest> mtn 150 -a 56990

mtest> mtn 150 -a 57246

mtest> mtn 150 -a 57502

mtest> mtn 150 -a 57758

mtest> mtn 150 -a 58014

mtest> mtn 150 -a 58270

mtest> mtn 150 -a 58526

mtest> mtn 150 -a 58782

mtest> mtn 150 -a 59038

mtest> mtn 150 -a 59294

mtest> mtn 150 -a 59550

mtest> mtn 150 -a 59806

mtest> mtn 150 -a 60062

mtest> mtn 150 -a 60318

mtest> mtn 150 -a 60574

mtest> mtn 150 -a 60830

mtest> mtn 150 -a 61086

mtest> mtn 150 -a 61342

mtest> mtn 150 -a 61598

mtest> mtn 150 -a 61854

mtest> mtn 150 -a 62110

mtest> mtn 150 -a 62366

mtest> mtn 150 -a 62622

mtest> mtn 150 -a 62878

mtest> mtn 150 -a 63134

mtest> mtn 150 -a 63390

mtest> mtn 150 -a 63646

mtest> mtn 150 -a 63902

mtest> mtn 150 -a 64158

mtest> mtn 150 -a 64414

mtest> mtn 150 -a 64670

mtest> mtn 150 -a 64926

mtest> mtn 150 -a 65182

mtest> mtn 150 -a 65438

mtest> mtn 150 -a 65694

mtest> mtd -r 50000 -a

mtest> mtp
=========================================
=              Memory Manager           =
=========================================
* Block size            : 40000000 Bytes
* Number of blocks      : 1431
* Free mem in last block: 8204016
* Recycle list          : 
[8961] = 2         [3073] = 1         [  3] = 1         [44547] = 8         
[41475] = 1         [39939] = 7         [38403] = 1         [35331] = 8         
[30723] = 8         [27651] = 1         [26115] = 7         [24579] = 1         
[21507] = 8         [16899] = 8         [13827] = 1         [12291] = 7         
[10755] = 1         [7683] = 8         [3075] = 8         [1543] = 1         
[519] = 1         [15369] = 1         [14345] = 2         [13833] = 1         
[4361] = 3         [2313] = 1         [6925] = 1         [8719] = 2         
[785] = 1         [33042] = 5         [29970] = 1         [26386] = 5         
[21778] = 1         [19730] = 5         [13586] = 1         [13074] = 4         
[12050] = 1         [6418] = 5         [3858] = 1         [4630] = 1         
[11288] = 2         [10520] = 1         [62490] = 1         [61722] = 10        
[60954] = 1         [58394] = 11        [56090] = 1         [55066] = 10        
[5148] = 1         [10526] = 1         [3102] = 1         [24608] = 4         
[18720] = 1         [15904] = 3         [13600] = 1         [7200] = 4         
[3874] = 1         [6436] = 1         [13350] = 2         [3366] = 1         
[40232] = 7         [35368] = 1         [34856] = 6         [30760] = 1         
[29480] = 6         [26152] = 1         [24104] = 6         [21544] = 1         
[18728] = 6         [16936] = 1         [13352] = 6         [12328] = 1         
[7976] = 6         [7720] = 1         [2600] = 7         [3116] = 1         
[2092] = 1         [20783] = 2         [20527] = 1         [10031] = 3         
[5167] = 1         [12085] = 1         [8245] = 1         [28983] = 1         
[28471] = 4         [22839] = 1         [21047] = 4         [16695] = 1         
[13623] = 4         [10551] = 1         [6199] = 4         [4407] = 1         
[4667] = 1         [10813] = 1         [5181] = 2         [51263] = 1         
[50495] = 8         [48703] = 1         [46399] = 8         [46143] = 1         
[42303] = 9         [39487] = 1         [38207] = 8         [36927] = 1         
[34111] = 9         [30271] = 1         [30015] = 8         [27711] = 1         
[25919] = 8         [25151] = 1         [21823] = 9         [18495] = 1         
[17727] = 8         [15935] = 1         [13631] = 8         [13375] = 1         
[9535] = 9         [6719] = 1         [5439] = 8         [4159] = 1         
[1343] = 9         [9283] = 1         [7235] = 1         [22342] = 3         
[19782] = 1         [12870] = 3         [10822] = 1         [3398] = 3         
[1862] = 1         [7239] = 1         [9036] = 2         [32846] = 5         
[31822] = 1         [26702] = 6         [21070] = 1         [20558] = 5         
[16462] = 1         [14414] = 5         [11854] = 1         [8270] = 5         
[7246] = 1         [2126] = 6         [6992] = 1         [11090] = 1         
[6738] = 1         [14932] = 2         [12372] = 1         [3412] = 3         
[3162] = 2         [27484] = 4         [23132] = 1         [19292] = 4         
[12380] = 1         [11100] = 3         [9820] = 1         [2908] = 4         
[5728] = 1         [1634] = 1         [16739] = 1         [5219] = 2         
[867] = 1         [45157] = 6         [44901] = 1         [40293] = 7         
[39525] = 1         [35429] = 7         [34149] = 1         [30565] = 7         
[28773] = 1         [25701] = 7         [23397] = 1         [20837] = 7         
[18021] = 1         [15973] = 7         [12645] = 1         [11109] = 7         
[7269] = 1         [6245] = 7         [1893] = 1         [1381] = 7         
[7271] = 1         [7529] = 1         [7017] = 1         [22123] = 3         
[18027] = 1         [11883] = 3         [5227] = 1         [1643] = 3         
[12145] = 1         [9329] = 1         [3697] = 1         [30835] = 1         
[26995] = 5         [20851] = 1         [20083] = 4         [17779] = 1         
[13171] = 5         [7795] = 1         [6259] = 4         [4723] = 1         
[3701] = 1         [1143] = 1         [16762] = 2         [12154] = 1         
[4474] = 2         [1402] = 1         [124] = 10        [57724] = 1         
[57468] = 9         [56700] = 1         [53884] = 10        [52092] = 1         
[50300] = 10        [47484] = 1         [46716] = 9         [46460] = 1         
[43132] = 10        [41852] = 1         [39548] = 10        [37244] = 1         
[35964] = 10        [32636] = 1         [32380] = 9         [31612] = 1         
[28796] = 10        [27004] = 1         [25212] = 10        [22396] = 1         
[21628] = 9         [21372] = 1         [18044] = 10        [16764] = 1         
[14460] = 10        [12156] = 1         [10876] = 10        [7548] = 1         
[7292] = 9         [6524] = 1         [3708] = 10        [1916] = 1         
[3968] = 1         [4994] = 1         [19586] = 1         [16514] = 3         
[13186] = 1         [7554] = 3         [4998] = 1         [11400] = 2         
[5256] = 1         [3722] = 1         [39562] = 1         [38282] = 6         
[32906] = 1         [32650] = 5         [31882] = 1         [27018] = 6         
[25226] = 1         [21386] = 6         [18570] = 1         [15754] = 6         
[11914] = 1         [10122] = 6         [5258] = 1         [4490] = 5         
[4234] = 1         [4236] = 1         [142] = 1         [9870] = 1         
[5264] = 1         [10640] = 3         [4240] = 1         [4756] = 1         
[918] = 1         [4247] = 1         [29337] = 1         [28825] = 4         
[21657] = 1         [21145] = 4         [13977] = 1         [13465] = 4         
[6297] = 1         [5785] = 4         [6811] = 1         [3485] = 1         
[670] = 114       [926] = 124       [1182] = 115       [1438] = 123       
[1694] = 121       [1950] = 124       [2206] = 115       [2462] = 126       
[2718] = 125       [2974] = 119       [3230] = 121       [3486] = 118       
[3742] = 116       [3998] = 119       [4254] = 122       [4510] = 124       
[4766] = 125       [5022] = 122       [5278] = 123       [5534] = 115       
[5790] = 115       [6046] = 122       [6302] = 118       [6558] = 129       
[6814] = 124       [7070] = 123       [7326] = 118       [7582] = 120       
[7838] = 117       [8094] = 120       [8350] = 123       [8606] = 124       
[8862] = 123       [9118] = 125       [9374] = 117       [9630] = 120       
[9886] = 123       [10142] = 129       [10398] = 110       [10654] = 125       
[10910] = 119       [11166] = 119       [11422] = 116       [11678] = 116       
[11934] = 125       [12190] = 124       [12446] = 124       [12702] = 116       
[12958] = 119       [13214] = 119       [13470] = 125       [13726] = 120       
[13982] = 125       [14238] = 123       [14494] = 121       [14750] = 122       
[15006] = 126       [15262] = 111       [15518] = 126       [15774] = 114       
[16030] = 122       [16286] = 124       [16542] = 123       [16798] = 118       
[17054] = 119       [17310] = 122       [17566] = 117       [17822] = 123       
[18078] = 122       [18334] = 123       [18590] = 123       [18846] = 117       
[19102] = 117       [19358] = 125       [19614] = 124       [19870] = 125       
[20126] = 123       [20382] = 122       [20638] = 121       [20894] = 119       
[21150] = 121       [21406] = 119       [21662] = 118       [21918] = 117       
[22174] = 122       [22430] = 124       [22686] = 120       [22942] = 112       
[23198] = 123       [23454] = 118       [23710] = 119       [23966] = 124       
[24222] = 120       [24478] = 120       [24734] = 119       [24990] = 119       
[25246] = 124       [25502] = 119       [25758] = 110       [26014] = 103       
[26270] = 104       [26526] = 109       [26782] = 116       [27038] = 121       
[27294] = 106       [27550] = 104       [27806] = 108       [28062] = 118       
[28318] = 109       [28574] = 104       [28830] = 118       [29086] = 114       
[29342] = 115       [29598] = 112       [29854] = 110       [30110] = 99        
[30366] = 107       [30622] = 111       [30878] = 109       [31134] = 105       
[31390] = 109       [31646] = 103       [31902] = 113       [32158] = 107       
[32414] = 116       [32670] = 112       [32926] = 112       [33182] = 110       
[33438] = 106       [33694] = 115       [33950] = 112       [34206] = 112       
[34462] = 115       [34718] = 106       [34974] = 105       [35230] = 113       
[35486] = 110       [35742] = 115       [35998] = 121       [36254] = 105       
[36510] = 113       [36766] = 104       [37022] = 109       [37278] = 117       
[37534] = 113       [37790] = 98        [38046] = 106       [38302] = 106       
[38558] = 102       [38814] = 107       [39070] = 110       [39326] = 105       
[39582] = 109       [39838] = 113       [40094] = 104       [40350] = 98        
[40606] = 105       [40862] = 122       [41118] = 90        [41374] = 100       
[41630] = 106       [41886] = 107       [42142] = 99        [42398] = 114       
[42654] = 105       [42910] = 110       [43166] = 112       [43422] = 111       
[43678] = 118       [43934] = 103       [44190] = 103       [44446] = 101       
[44702] = 110       [44958] = 117       [45214] = 114       [45470] = 107       
[45726] = 109       [45982] = 109       [46238] = 117       [46494] = 113       
[46750] = 112       [47006] = 102       [47262] = 110       [47518] = 119       
[47774] = 94        [48030] = 107       [48286] = 117       [48542] = 113       
[48798] = 109       [49054] = 109       [49310] = 109       [49566] = 108       
[49822] = 112       [50078] = 117       [50334] = 107       [50590] = 114       
[50846] = 107       [51102] = 106       [51358] = 112       [51614] = 108       
[51870] = 108       [52126] = 108       [52382] = 117       [52638] = 102       
[52894] = 108       [53150] = 99        [53406] = 114       [53662] = 111       
[53918] = 110       [54174] = 118       [54430] = 111       [54686] = 98        
[54942] = 108       [55198] = 105       [55454] = 109       [55710] = 97        
[55966] = 105       [56222] = 100       [56478] = 102       [56734] = 110       
[56990] = 115       [57246] = 107       [57502] = 121       [57758] = 109       
[58014] = 113       [58270] = 110       [58526] = 106       [58782] = 117       
[59038] = 103       [59294] = 103       [59550] = 108       [59806] = 113       
[60062] = 107       [60318] = 112       [60574] = 118       [60830] = 107       
[61086] = 113       [61342] = 98        [61598] = 116       [61854] = 101       
[62110] = 114       [62366] = 110       [62622] = 111       [62878] = 118       
[63134] = 107       [63390] = 109       [63646] = 109       [63902] = 108       
[64158] = 106       [64414] = 114       [64670] = 111       [64926] = 110       
[65182] = 102       [65438] = 109       [65694] = 119       [159] = 2         
[13215] = 2         [6559] = 1         [673] = 1         [49057] = 8         
[45217] = 1         [44705] = 7         [44449] = 1         [40353] = 8         
[39329] = 1         [36001] = 8         [34209] = 1         [31649] = 8         
[29089] = 1         [27297] = 8         [23969] = 1         [22945] = 8         
[18849] = 1         [18593] = 7         [18081] = 1         [14241] = 8         
[12961] = 1         [9889] = 8         [7841] = 1         [5537] = 8         
[2721] = 1         [1185] = 8         [1187] = 1         [17831] = 3         
[15271] = 1         [8103] = 3         [5031] = 1         [7083] = 1         
[10670] = 1         [8622] = 1         [3758] = 1         [176] = 1         
[34736] = 5         [32176] = 1         [28336] = 5         [25776] = 1         
[21936] = 5         [19376] = 1         [15536] = 5         [12976] = 1         
[9136] = 5         [6576] = 1         [2736] = 5         [18614] = 3         
[9142] = 1         [6838] = 2         [438] = 1         [1464] = 1         
[6588] = 1         [3260] = 1         [26558] = 1         [25278] = 3         
[22718] = 1         [16830] = 4         [10430] = 1         [8382] = 3         
[6590] = 1         [15812] = 2         [2756] = 1         [1988] = 1         
[199] = 1         [41159] = 1         [40647] = 6         [38599] = 1         
[35527] = 7         [30919] = 1         [30407] = 6         [28359] = 1         
[25287] = 7         [20679] = 1         [20167] = 6         [18119] = 1         
[15047] = 7         [10439] = 1         [9927] = 6         [7879] = 1         
[4807] = 7         [20941] = 3         [12493] = 1         [10445] = 2         
[8909] = 1         [6095] = 1         [720] = 1         [9169] = 1         
[10451] = 2         [4821] = 1         [30165] = 5         [23765] = 1         
[22997] = 4         [19157] = 1         [15829] = 4         [14549] = 1         
[8661] = 5         [2773] = 1         [1493] = 4         [3799] = 1         
[3545] = 1         [16347] = 1         [10715] = 2         [4571] = 1         
[54494] = 1         [54238] = 9         [50654] = 1         [50398] = 9         
[46814] = 1         [46558] = 9         [42974] = 1         [42718] = 9         
[39134] = 1         [38878] = 9         [35294] = 1         [35038] = 9         
[31454] = 1         [31198] = 9         [27614] = 1         [27358] = 9         
[23774] = 1         [23518] = 9         [19934] = 1         [19678] = 9         
[16094] = 1         [15838] = 9         [12254] = 1         [11998] = 9         
[8414] = 1         [8158] = 9         [4574] = 1         [4318] = 9         
[734] = 1         [478] = 9         [3039] = 1         [6114] = 1         
[2018] = 1         [228] = 3         [18660] = 4         [9444] = 4         
[1764] = 1         [9448] = 1         [1002] = 1         [13802] = 1         
[9962] = 1         [8426] = 1         [34540] = 1         [34028] = 5         
[31724] = 1         [28140] = 6         [23020] = 1         [22252] = 5         
[20204] = 1         [16364] = 6         [11500] = 1         [10476] = 5         
[8684] = 1         [4588] = 6         [240] = 1         [752] = 1         
[496] = 1         [1777] = 1         [242] = 1         [13554] = 1         
[12274] = 2         [6898] = 1         [1010] = 2         [7670] = 1         
[248] = 1         [1528] = 1         [27643] = 1         [23291] = 4         
[18427] = 1         [15355] = 4         [9211] = 1         [7419] = 4         
[10239] = 1         
=========================================
=             class MemTest             =
=========================================
Object list ---
oooooooooooooooooooooooooooooooooooooooooooooooooo
oooooooooooooooooooooooooooooooooooooooooooooooooo
oooooooooooooooooooooooooooooooooooooooooooooooooo
oooooooooooooooooooooooooooooooooooooooooooooooooo
oooooooooooooooooooooooooooooooooooooooooooooooooo
oooooooooooooooooooooooooooooooooooooooooooooooooo
oooooooooooooooooooooooooooooooooooooooooooooooooo
oooooooooooooooooooooooooooooooooooooooooooooooooo
oooooooooooooooooooooooooooooooooooooooooooooooooo
oooooooooooooooooooooooooooooooooooooooooooooooooo
oooooooooooooooooooooooooooooooooooooooooooooooooo
oooooooooooooooooooooooooooooooooooooooooooooooooo
oooooooooooooooooooooooooooooooooooooooooooooooooo
oooooooooooooooooooooooooooooooooooooooooooooooooo
oooooooooooooooooooooooooooooooooooooooooooooooooo
oooooooooooooooooooooooooooooooooooooooooooooooooo
oooooooooooooooooooooooooooooooooooooooooooooooooo
oooooooooooooooooooooooooooooooooooooooooooooooooo
oooooooooooooooooooooooooooooooooooooooooooooooooo
oooooooooooooooooooooooooooooooooooooooooooooooooo
oooooooooooooooooooooooooooooooooooooooooooooooooo
oooooooooooooooooooooooooooooooooooooooooooooooooo
oooooooooooooooooooooooooooooooooooooooooooooooooo
oooooooooooooooooooooooooooooooooooooooooooooooooo
oooooooooooooooooooooooooooooooooooooooooooooooooo
oooooooooooooooooooooooooooooooooooooooooooooooooo
oooooooooooooooooooooooooooooooooooooooooooooooooo
oooooooooooooooooooooooooooooooooooooooooooooooooo
oooooooooooooooooooooooooooooooooooooooooooooooooo
oooooooooooooooooooooooooooooooooooooooooooooooooo
oooooooooooooooooooooooooooooooooooooooooooooooooo
oooooooooooooooooooooooooooooooooooooooooooooooooo
oooooooooooooooooooooooooooooooooooooooooooooooooo
oooooooooooooooooooooooooooooooooooooooooooooooooo
oooooooooooooooooooooooooooooooooooooooooooooooooo
oooooooooooooooooooooooooooooooooooooooooooooooooo
oooooooooooooooooooooooooooooooooooooooooooooooooo
oooooooooooooooooooooooooooooooooooooooooooooooooo
oooooooooooooooooooooooooooooooooooooooooooooooooo
oooooooooooooooooooooooooooooooooooooooooooooooooo
oooooooooooooooooooooooooooooooooooooooooooooooooo
oooooooooooooooooooooooooooooooooooooooooooooooooo
oooooooooooooooooooooooooooooooooooooooooooooooooo
oooooooooooooooooooooooooooooooooooooooooooooooooo
oooooooooooooooooooooooooooooooooooooooooooooooooo
oooooooooooooooooooooooooooooooooooooooooooooooooo
oooooooooooooooooooooooooooooooooooooooooooooooooo
oooooooooooooooooooooooooooooooooooooooooooooooooo
oooooooooooooooooooooooooooooooooooooooooooooooooo
oooooooooooooooooooooooooooooooooooooooooooooooooo
oooooooooooooooooooooooooooooooooooooooooooooooooo
oooooooooooooooooooooooooooooooooooooooooooooooooo
oooooooooooooooooooooooooooooooooooooooooooooooooo
oooooooooooooooooooooooooooooooooooooooooooooooooo
oooooooooooooooooooooooooooooooooooooooooooooooooo
oooooooooooooooooooooooooooooooooooooooooooooooooo
oooooooooooooooooooooooooooooooooooooooooooooooooo
oooooooooooooooooooooooooooooooooooooooooooooooooo
oooooooooooooooooooooooooooooooooooooooooooooooooo
oooooooooooooooooooooooooooooooooooooooooooooooooo
oooooooooooooooooooooooooooooooooooooooooooooooooo
oooooooooooooooooooooooooooooooooooooooooooooooooo
oooooooooooooooooooooooooooooooooooooooooooooooooo
oooooooooooooooooooooooooooooooooooooooooooooooooo
oooooooooooooooooooooooooooooooooooooooooooooooooo
oooooooooooooooooooooooooooooooooooooooooooooooooo
oooooooooooooooooooooooooooooooooooooooooooooooooo
oooooooooooooooooooooooooooooooooooooooooooooooooo
oooooooooooooooooooooooooooooooooooooooooooooooooo
oooooooooooooooooooooooooooooooooooooooooooooooooo
oooooooooooooooooooooooooooooooooooooooooooooooooo
oooooooooooooooooooooooooooooooooooooooooooooooooo
oooooooooooooooooooooooooooooooooooooooooooooooooo
oooooooooooooooooooooooooooooooooooooooooooooooooo
oooooooooooooooooooooooooooooooooooooooooooooooooo
oooooooooooooooooooooooooooooooooooooooooooooooooo
oooooooooooooooooooooooooooooooooooooooooooooooooo
oooooooooooooooooooooooooooooooooooooooooooooooooo
oooooooooooooooooooooooooooooooooooooooooooooooooo
oooooooooooooooooooooooooooooooooooooooooooooooooo
oooooooooooooooooooooooooooooooooooooooooooooooooo
oooooooooooooooooooooooooooooooooooooooooooooooooo
oooooooooooooooooooooooooooooooooooooooooooooooooo
oooooooooooooooooooooooooooooooooooooooooooooooooo
oooooooooooooooooooooooooooooooooooooooooooooooooo
oooooooooooooooooooooooooooooooooooooooooooooooooo
oooooooooooooooooooooooooooooooooooooooooooooooooo
oooooooooooooooooooooooooooooooooooooooooooooooooo
oooooooooooooooooooooooooooooooooooooooooooooooooo
oooooooooooooooooooooooooooooooooooooooooooooooooo
oooooooooooooooooooooooooooooooooooooooooooooooooo
oooooooooooooooooooooooooooooooooooooooooooooooooo
oooooooooooooooooooooooooooooooooooooooooooooooooo
oooooooooooooooooooooooooooooooooooooooooooooooooo
oooooooooooooooooooooooooooooooooooooooooooooooooo
oooooooooooooooooooooooooooooooooooooooooooooooooo
oooooooooooooooooooooooooooooooooooooooooooooooooo
oooooooooooooooooooooooooooooooooooooooooooooooooo
oooooooooooooooooooooooooooooooooooooooooooooooooo
oooooooooooooooooooooooooooooooooooooooooooooooooo
oooooooooooooooooooooooooooooooooooooooooooooooooo
oooooooooooooooooooooooooooooooooooooooooooooooooo
oooooooooooooooooooooooooooooooooooooooooooooooooo
oooooooooooooooooooooooooooooooooooooooooooooooooo
oooooooooooooooooooooooooooooooooooooooooooooooooo
oooooooooooooooooooooooooooooooooooooooooooooooooo
oooooooooooooooooooooooooooooooooooooooooooooooooo
oooooooooooooooooooooooooooooooooooooooooooooooooo
oooooooooooooooooooooooooooooooooooooooooooooooooo
oooooooooooooooooooooooooooooooooooooooooooooooooo
oooooooooooooooooooooooooooooooooooooooooooooooooo
oooooooooooooooooooooooooooooooooooooooooooooooooo
oooooooooooooooooooooooooooooooooooooooooooooooooo
oooooooooooooooooooooooooooooooooooooooooooooooooo
oooooooooooooooooooooooooooooooooooooooooooooooooo
oooooooooooooooooooooooooooooooooooooooooooooooooo
oooooooooooooooooooooooooooooooooooooooooooooooooo
oooooooooooooooooooooooooooooooooooooooooooooooooo
oooooooooooooooooooooooooooooooooooooooooooooooooo
oooooooooooooooooooooooooooooooooooooooooooooooooo

Array list ---
ooxooxxxoxooooxxxoxooxxxoxxxxoxxxxxxxxxxxooxxxxxxx
xoxxxxxxxxoxoxxxoxoxxoxxxxxoxxxoxoxxxxxxoxxoxxxxxx
xxxxxooxxxxoxoxxoxxxxxxoxxxxxxxxxxxxxxxooxxxxxxoxx
oxxoxxxxxxxxoxxxxxxxxxxxoxxxxxxxxoxxoxoxxxoxxxxxox
xxxxxxxxxxxxoxoxxxxxxxooxxxxxxxxxxxxxoxxxxxxxxxxox
xxoxxxxxxxxxxxoxxxxxxoxxxoxoxxxoxxxxoooxxxxooxxxxx
xoxoxoxoxxxoxxoxxxxxxoxxxxoxoxxooxoxxxxxxxxoxxxxxx
oxxxxxxxoxoxxxxxxxxxxxxxoxxxxxxxxxxxoxxxooxoxoxxox
xxoxxxoxxxxxxoxxoxoxxxxoxxxoxxoxxxoxxxxxxxxxooxxox
xoxoxooooxxxoxxooxxxxxxoxxxxxxxxxoxxxxxxxxoxxxoxoo
xoxxxxxxxxxxxxxxxxxxoxxoxxxooxxxxxxxxxxxxxxoxxxxxx
xxxxxooxoxxxxxxxxxxxxxoxxxxxoxxxxxoxxxxxxxxxxxxxxx
xoxxxxxxxooxxoxxxxoxoxxxxxxoxxxxoxxxxxxxxxoxoxxoxo
xxxxxxxxxxoxxxxxxxxxxooxoxxxxxxxxxxxxxxxxxxxxxxxxx
xxxxoxoxoxxxxxxxxoxxxxxxxxxxoooxxoxxxoxoxxooxxxxxo
xxxxxxoxxxxxoxxoxxxxxxoxxxxoxxxoxoxxxxxxxxxxxxxoxx
xxxxxoxxxxxxxxxxoxxxxxxxxxxoxxxxxxxxxxoxxoxxxoxoox
ooooxoxxxxxxxxxoxxoxxoxoxxxxxxxxxxxxxxoxxxxxxxxxxx
xxxxxxooxxxxxxoxoooxoxooxxxoxxxxxxxxxxoxxoxooxxxxo
oxxxoxxxxxxxxxxoxxxxxxxxoxooxxxxxxooxxxxoxxxxxxoox
xxxxoxxxxxxxooxxoxxxxxxoxxxxxoxxxxoxxxxxoxxxxxxxxo
xxxxxxxxoxxxxxoxooxxoxxooxxxxxxxxxoxooxxxooxoxxxxx
xxxoxxxxxxoxxxxxxxxxxxxxxxxoxxxxxxxxxxxxxxxxxxxxxx
oxxxxxxxoxoxoxxxxxxxxxooxxxoxxxxxxxxxxxxxoxxxxxxxx
xoxoxxxxoxxoxxoxxxoxxoxxxoxxxxxxxxxxxxxxxxxxoxxxoo
xxxxxxxxxxxxxxoxoxxxxxxxxxxxoxxoxxxxxxxxxxxxoxxooo
xxxxoxxxxxxxxxxxxooxxxxoxxxxxxxxxxxxxxxxxxxxxxxoox
xxxxoxxxxoxoxxxxoxoxxoxxxxoxxxxoxxoxxxxxxoxxxxxxxx
xxxxxxxxxxxxooxxxoxxxxxxxxxxxxoxxxxxxxoxxxxooxxxxx
xoxxxooxoxxooxoxxxxxxxxxxxxxxxoxxoxxxxoxxxoxxoxoxo
xxxxxoxxxxxxxxxxxxxxxoxxxoxooxxxxxxxxoxoxxxxoxxxxx
xxxxxoxxxxxxxxxxooxxxxxoxxxoxoxoxxxxoxxxxxxxxoxxxx
xxxxooxxxxxxxoxxxxoxoxxxxxxxooxxxxxxxoxooxxoxoxxxx
oxxoxxxoxxxoxxxxxxxoxxxoxxxxxxoxoxxxxxxxxxxxxxoxxx
ooxoxxxxxxxxxxoxxxxooxxxxxxxoxxxxxoxxooxxoxxxxxxxx
xoxxoxooxxxxxxxxxoooxoxxxxxxooxxxxxxxxxxxxoxxxoxxx
oxxxxoxxxxxooxoxoxoxxooxxoxxxxxxxxxxxxxoxxxxoxoxxx
xxxxxxxxxxxxoxxxoooooooxxxxxxxoxoxxxxxooxxxoxxxxxx
xxxxxxxxxxxoxxxxoxxxoxxxxxxxooxxxxxxoxxxxxxxxxxxoo
xxxxxxxooxxooxoxxxoxoxxxoxxxxxoxxoxxxxxoxooxxxxxxx
xxxxxxxxxxxxoxxxxxxxxxxxxxxoxoxxxxxxxxxoxoxxoxoxox
xxxxxxxxoxxxxxoxxxoxxoxxxxxxxxoxxooxxoxxxxxxoxxxxo
oxxxxxoxxxxoxoxxxxxxxxooxooxxxxxoxxxxxxxxxooxxxxxx
xoxxxxxoxxxxxxxxxxoxxxxxxxxxxxxxxxxxxxoxoxxxxooxxx
xxxoxxxxxoxxxoxxoxxoxxxxxoxxxxxxxoxxxxxoxoxxxxxxox
oxxxxxxxxxxxxxooxxxoxxxxxoxxxxoxxxxoxxxxxxxxxoxxxx
xxxxxxoxxxxxoxxxoooxxxxxoxxxxoxxxxxxxxxxxxxoxxoxxx
xoxxxxxxoxxxxoxxxxxxxxxxxxxxooxxxxooxxxxxxxoxxoxxx
oxxxxxoxxxxxxxxxxxxxxxxxoxxxxxxxxxxxxxoxxxxxxxoxxx
xxoxxxxxxxxxxxxxoxoxxoxxxxxxooxxxxoxxxxxxxxxxxxxoo
xoxxxxoxxxxoxxxxxxxxoxooxxxxxxxxxoxooxxxxooxxxxxxx
xxxxxxxoxxooxxxxxxxoxoxxxxxxxoxoxxxxxxooxxxxoxoooo
xoxxoxxxxxxxxxxxxxxxxxxxxxoxxxxoxxxxxxxxxxxxxxxxox
xxoooxxooxoxxxxxxxxxxxxxxxxoxxxoxxxxxxxxxxxxxxxxxo
xxxxxxxxxoxxxxxxxooxxxxxxoxxxxxxxxxxxxxxxxxoxxxxxx
oxxxxxxxxoxoxoxxxoxxxxxxoxxxxxxooxxxxxxxoxxxxxxoxx
xxxoxxxxxoxxxxxxxxxxxoxxooxoxxxxooxxoxxxxoxxxoxxox
xxxoxxxoxxoxxxxoxxoxoxxxxooxxxoxxxxooxoxxxxxxxxxxo
xxoxxxxxoxxxxxxxxxxxxxxxxxxoxxxxxxxoxxxxoxxxxxxxxx
ooxooxxxxxxooxxxxoxxxxoxxxooxxoxxoxxxxoxxxooooxxxx
xxxxoxxxooxxxxxxxxxxooxoxxoxoxoxxoxxxxxxxxxoxxoxxo
xxxxoooxxxxxoxxxxxoxxxxoxxoxxxxxxoxxxxxxxxxoxxoxox
xxxxxoxxxxoxxoxoxoxxxxooxxxxoooxxxxxxxoxxxxxxxxxxx
xxxoxxxxxxxoxoxxoxxxoxxxxxxxxoxxxxxoxxxxxxxxxxooxx
xxxxoxxxxxxxxxxxxxxxoxxxxxxoxxxxxxxoxxxoxxoxxxoxox
xxxxxoxxxxxxooxxoxxxxxxxxoxxxxxoxoxoxxxxxoxoxxxxox
xxxoooxoxxxxoxxxoxoxxxxoxxxxxxxxxxxxxxxxxxxxxoxoxx
ooxoxxoxxxoxxxxxxxxxxoxoxxxxxxxxoxoxxxxoooxoxxxxxx
xoxxxxxxxxxooxxoxxxoxxxxxxxxoxxxxxxxxxoxxxxxxxxoox
xxxxxxxxxxxxxxxxoxxxxxxxxxxoxxoxxxooxxxxxxxxxxxxxx
xxxxxxxxxxxoxoxxxxoxxxxoxxxoxxxxxoxxxxooxxxxxxxxxx
xxxxxoxxxxoxxxxxxxoxxxxxxxxxxoxxxxoxxxoxxxxooxxxxx
xxxxxxoxxxxxxxoxxxxxxxxxxoxooxoxxxxxooxxxxxxoxxxxx
xxxxxoxxoxxxxooxxxxxxxxxxxxxoxoxxxxxxxoxxxxxxxxxxx
xoxoxxxxoxxxxxxoxxxxxxxoxxxoxxxoxxxxxxxxxoxxoxxxxo
xxxxxxxxxxxxxxxxooxxxxxoxxxxxoxxxxxxxxxxxxxxxooxxx
xoxooxxoxxxxoxxxxxoxxxooxxxxxxxxxxxoxoxxoxxxxxxoox
xxxoxxxxxxxxxxxxxoxxxxxxxxxoxxxoxxxoxxoxxoxxxxxoxx
xxxoxxxxxoxxxoooxxxxxoxxxxxxxxxxxxxoxxxxxoxxxoxxoo
xxxooxxoxxxxxxoxxxxxxxoooxxxxoxxxoxoxxxxxxxxxxooxo
xxxxxxxxxoxxxoxxxxoxxxxxxoxoxxxxxxxxoxxoxxoxxxxxxx
xxxoooxxxxxxxxxooxxxxooxxxooxxoxxxoxxooxxxxoxxxxxx
xxxxxxoxxxxxxxxxxxxxxxxxxoooxxxxxxxxooxxxxxxxxoxxx
xxxxxxxxxxoxxxxxxxoxxoxxxxxxxxoxxooooxxxxxxxxxoxxx
xxxxooxxxxxxxxxxxxxxxxoxxxxoxxoxxxoooxxxoxxxxooxoo
oxxxoxoxxxxxxxxoxxxxxoxooxxxxxoxxoxxxxxxxxoxoxxoox
xxxxxoxxxxxxxxoxxxxxxoxxxoxxxxxxxxoxxxxxxoxxxxoxxx
xoxxxxoxxxoxoxxxxxxxxxxoxxxxxxxxxxxxxxxxxxooxoxxox
xxxxxxoxxoxxxxooxxxxoxxxxxxxxxxxxxxxxxxxxxoxxoxxxo
oooxxoooxoxxxxxoxxxxxxoxxxxxxoxxxxxoxxxxxxxxoxxxxo
xxxxxooxoxxxxxxxxxoxxxxxoxxxxxxxxxxoxxxxxxxxxoxxxx
oxxxxxxoxoxxoxxxxxxxxxxoxoxoxxxxooxxxxxoxxxxxxxoxx
xxxoxxxxxoxxxxxxxxxxxooxxxxxxxoxxxxxoxxxoxxxooxxxx
xxoxxxxoxxxxxoxxxxxoxxxxxxxxxxxxxxoxxxoxxxxxxxxxox
xxxxoxxxxxoxxxxxxxoxxoxxoxoxxxxoxxxxxxxxxxooxxxxxx
xxxxxxxxxxxoxxxoxoxooxxxoxoxxoxxxoxxxxxxxxxxxxxoxx
xxoxoxxxxxxoxxxxxxxxxxooxxxoxxxoxxoxxxoxxxxxxooxxx
ooxxxoxxxxxxxxxxxxoxxoxxxxxxxoxxxxxoxxxxxxxoxoxxxo
xoxxxxxoxxxxxxxxxxxxxxxxxoxxoxxxxxxxoxxxxxxxxxxxxo
xxoxxxxxxxxxxxxoxoxxxxxxxoxxoxxxoxxxxxxxxxxxxxooox
xxxooxxxxxxxxxoxoxooxxxxxxxxxxxxxxxxxxxxxxxxxoxxxx
ooxxxxxxxxxxxoxxxxxoxxxxxxxxxxxxxxxxoxxxoxxoxoxoxx
xxoxoxxxxxxxxoxoxxxxxxxxxxxxxxxoxxxxxxxxxoxxxxxoxx
xxxxoxoxxoxooxxoxxoxxxxoxoxoxoxxxoxooxxoxxxxxxoxxx
xxxoxxoxxxxoxxoxxxxxxoxxoxxxoxxxxxxxxxxxxooxxoxxxx
oxxxxoxoxooxoxxxxxxxxxxoxxoxxxxxxxxoxxxxxxxxxxoxxx
xxxxxoxxxxoxoxxxxxxxxxxxxxxxooxxoxoxxoxoxxxxxxxxox
xxxxxoxxoxoxxxxxoxxxxxxxoxxxxxxxxxxoxoxooxxxoxxxxx
oxxxxxxxxxxxoxxxxxxoxoxxxxoxxxxxxoxxoooxxoxxxxxxox
xxxxxxoxxxoxxxxoxxoxxxxxxooxxoxxxoxoxxxxxxxxxxxxxx
xxxxoxxxxxxxxxxxxxxxxxxxxxxxoxxxoxxxxxooxxxxxxooxx
xxxxxxxxxxxxxxxxxxxxxxxoxxxoxoxxxoxxooxxxxxxxxxxxo
oxoxoxxxxoxxxxxxxxoxoxxxxxoxxxxxxxxoxxxxxxxxxxxxxo
xxxxxxxxxxxxxxxxxxxxxxxxoxxxxoxxxxxoxxxxxxxxoxxoxx
oxxoxxxxxxoxxxxxxoxxxoxxoxxxxxxxxxoxxoxxxooooxxxxx
xoxxoxoxoooxoxxxoxxxoxxxxooxxxoxxxoxxxoxxxxxxxoxxo
oxxxoxxxxxxooxxoxooxxxxoxxxxxoxoxoxxxxoxxxxxxxxxxx
xxoxxxxxxxxxxoxxxoxxxxxxoxoxxxxxxxxxxxoxxxxxxxxxxx
xoxxxxxxxxoxxxxxxoxxxxxooxoxxxoxoxxxxoxoxxoxxxxxox
xoxxxxxxxxxxxxxxxxxoxoxxxxxxxxoxxxoxoxxxxxxoxxxxxx
xxxxxxxxxxoxxoxxooxoxxxxxxxxxxxxxxxxxxxxxxxxooxoxx
xxxxxxxxxoxxxxxxxxxxxxxxoxxoxxxoxxxxxooxooooxxxxxx
xxxxxxoxoxoxoxxxxxooxxxxxxoxxxxxxxoxoxoxxoxooxxxxx
xxxooxxxxooxxxxxxxoxxxoxxxxoxxxxxxxoxxxoxxoxooxxxx
xoxxxoxooxxooxoxoxxxoxxxxxxxoxxxxxxxxxxxxxxxxxoxxx
xoxxxxxxxxxxoxxxxxxxoxxxxxoxxxxxxxoxoxxxxxxxoxoxxx
xxxxoxxxxxxxxxxoxxoxxxxxxxxoxxxxxxxxxooxxxxoxxoxxo
xoxxxxxxxxooxxoxxxxoxxxoxxxxoxxxxxxoxxoxxooxoxxxxx
xxxooxoxoxxxxxoxxoxoxooooxxxxoxxxxxxxxxxxxoxxxxxxx
xxoxxoxxxxoxxxoxxxoxxxxxxxxoxxxxxxxxoxxxxoxxxxxxoo
oxxxoxoxxxxxxxxxoxxxxxxoxxxxxoooxoxoxxxxxoxoxxxxoo
xxooxxxxxxxxxxxxxxxxoxoxxxxxxxxoxooooxxxxxxxxxoxxx
xxxxxoxxxoxoxxoxxxoxxxxxxxxxxxxxxxxxxoxxoxxoxxxoxo
ooxxxxxoxxxxxxxxxxxxxxxxxxxoxxxxxxxxxoxoxxxxxxxxxx
oxxoxoxxooxxxxxxxxxxxoxxxxxxxxoxoxxxxxxxxxxxoxxxxx
xxxxxoxxxxxoxooxxoxxoxoooxxxxxxxoxxxxxxxxxxxxxxxxx
xxxxxxooxxxxxxoxxxoxxxxxxxoxxxxxxxxxxoxxxxoxxxoxxo
xxxoxxoxxxxxxxxxxxxxxoxxxxoxxxxxxxxooxxxxxxxoxxxxx
xoxxxxxooooxoxoxxxxxxxoxxoxxxxxxoxxxxxoxxxxxxxoxxx
xxoxoxxxoxxxoxxoxxxxxxoxxxxxxxxxoxxxxxxoxxxxxxxxxx
xoxxxxxxxxxxxxxxxooxxxxxxxoxxxxxxxxxxxxxoxxxxoxxxx
oxxxxxxxxooxxxxoxxxxoxxxxxxoooxxxxoxxxxoxxxooxxxxx
xoxxxxxxoxxxooxoxxxxxoxxxxxoxxxxxxxxoooxooxxoxxxxx
xxxoxxxxxxxxxoxxxxxxoxoxxoxxoxxxxxxxxoxxxxoxxoxxxx
xxxxxxxxoxoxxoxxoxxoxxxxoxxxoxxxxxxxxoxxxxxxoxxxxx
xxxxxxxoxxxxxoxxoxxxoxxxxxxxxoxxoxxxoxoxxoxxooooxo
xxxxxxxxoxoxxoxxoxxoxxxoxoxxxxoxxxxxxxxxxxxxxxxxxx
xxxxxxooxxxxxoxxxxxxoxxxooxxxxxxxoxxxxxxoxxxxoxoxo
xxxxxxxxoxoxxoxxxxoxooxxxoxxxxoxxxxxxoxxxxxxoxxxxx
xoxxxoxxxxxxxxxxxxxoooxxxxxxxxxxxooxxxxoxoxxxxoxxx
xxxoxxxoxxxxxxxxxxxxxxxxxxxxxxxxoxxxxxxxxxxxxxxoox
xxxxxxoxoxxooxoxxxxxoxxxxoxxxxxoxxooxxxxxxxxoxxxxx
xxxxxxoxxxoxxxxoxxooxxxxxxxxxxooxxxxxoxxxxxxoxxxxx
xxxooxoxxxxxxxxoxxoxxxxoxxxoxxoxoxxxxxxxxoxoxxxoxo
xxxxxxoxxxxxxxxxoxxxxxxxxxxxoxxxxxxxxooxxxxxxxxxox
xxoxxxoxxxxxoxxxooxxxxxxxoxxxxxoxxooxxxxxooxxxxxxx
xoxxxxxxxxoxoxxxxxoxxoxxoxxxxxxxoxxxxxxxoxoxoxxxox
xxxxxxxoxxxoxoxxooxxxxxxxxxxxxxxxxxxxxxxxxxxoxxoxx
xxoxxxxxoxxoxxxxxxxxxoxxoxxxxoxoxxxxxxxxxxxxxxxxxx
xxxxxoxxxxxxoxxoxxxxoxxxxxxxxxxoxxxxxxxxxxxoxxxxox
oxxxooxxxxxxxxxxxxxxxooxxoxxoxooxxxxxxoxxxoxxxxxxx
xxxoxxxxxxxxxxxxoxxxxxxxoxxxoxxxxoxxxxxxxxxoxxoxoo
xxxoxxxxxxxoxoxxoooxxxxxxxxxxxxxoxxxxoxxxxxoxxxxox
oxxxxoooxoxxxxxxoxoxxoxxxxxxxxxxxxoxxxxxxxxxoxxxxx
oxxxxxxxxxxoxxoxxoxxxoooxxxxxxxxoxxxxxxxxoxxxxxxxx
xxxoxxxxxxxxoxxoxxxxxxxxxxooxxoxxxoxxxxoxxxxxxxoxx
xoxxxxooxxoxxxxoxoxxxooxxxxxxxxxxoxxxxxxxxxxxxxxox
xxxxoxxxxxxxxoxxoxxoxxxxxxxoxxxxoxxxoxxxxxxxoxxoxx
xxxxxxxxxxxxxxxxxoxxxoxoxxxxxxxxxxxxoxxxxxxxoxxxxx
xxxoxoxxxxxxoxxxxxxxxxxoxxxxxooxoxxxoxxxxxxoxxoxxx
xxxoxxxxxxxxxoxxxxxxxoxoxxxxxxxxxooxxooxxxxxoxxxxx
xxxxoxoxxxxooxxxxxxxoxooxxxoxooxxxxxxxxxoxxxxxxoxx
xoxoooxxxxxxxxoxoxxoxooxxoxoxxoxxxoxxxxooxxoxxxxxo
oxxxxoxxxxxxxxxxxxxooxxoxxxxxoxxxooxxxoxxxxoxxxxxx
xxoxxxoxxxooxxxxxxooxxxoxxxoxxxxxoxoxxxxxoxxxxxxxx
xxxxxxxxxxxxxoxxxxxxxxxxxxxxxxoxxoxxoxxxxxxxxxxoxx
xxxxxoxxxxxxxxxxoxooxxxxoxxxxxxxxxxxxoxxxxooxxxxxx
xxoxxooxxxxxxxxxxoxxxxoxoxxoxxxxxxxoxxxxxxxxxxxxox
oxxoxxxxoxoxooxxxxxxxxxxxxxxxoxxxxoxoooxxxxxxxxxox
xxxxxxxoxxxxxxxxxxxxooxxoxoooxxooxoxxxxooxoxxxxoxo
xxxxxooxxxxxxxxoxoxxxxxxoxxxxxxxxxxxxxoxxxxooxxxxo
xxxxxxxxxxxxxxxxxxxxoxxxoxxoxoxxxoxoxxxoxxxxxxxooo
ooxxxxoooxxxxxxxxoxxxoxxxxxxxxxxoxxxxxxxxoxxxxxxxx
xxxxxxxooxxxxxoxxxoxxxxxxxoxxxxxxxxxxoxoxxxxxxoxxo
xxxxxxxoxoxxxoxxxxxxxxxxxxxxxxxxxoxxoxooxxoxxxxoxx
xxxxxooxxxooxxxxxxxxooxxxxxxxxxxxxxxoxxxxxxxxxoxxx
xxxooxxxxxoxoxxxxoxxxoxxxxxxoxoxxxxoxxxxxxxxxxxxxo
xxxxxxoxxxxooxxxoxxxxxxxxxooxoxxxoxxxxxxxoxoxxxxxx
oxoxxxxxxxxoxxxxxxxxxxxxxxoxoxxxxoxxxoxxxxxxxxxxxx
ooxoxxxxooxxxxoxxoxxxxxxxxxxxxxxxxoxoxxoxxxxxxxxxo
xxxxxxoxxooxxxxxxoxxxxxxxxxxxxxxxxoxooxxxoxxxoxoox
xxxxxxxoxxxxxxxxxooxxxoxxxxoxxoxxxxxoxoxoxxxxxxxxo
ooxxxxxxxxxxxxxxoxxoxxoxxxoxxxxxxoxxoxxxxxxxoxoxxx
xxxxxxxxoxxxxxxxxxoxxoxxxoxxxxxxxxoxxxxxxxxxxxxoox
ooxoxxxxooxxxxxxxxxoxoxxxxxxoxxoxooxoxxxxxxoxxxoxx
xxxooxxoxxxxxxxxxoxxxxxxxxxxxxxoxxxxxooxxxxoooxxxo
xxoxxxxxxoxxxxooxooxxxxxxxxoxoxoxxoxxxxxxooooxxxxx
xxxxxxxxxxxxxxxxxxxxxxxxxxoxxoxxxxxxxxxxoxxxxxxxxx
oxxxoxxxxxxxxxoxxxxxxxxoxoxxxoxxxxxxxxoxxxxxooooxx
oxxxxxxxxoxxooxxxxxxxxxoxxoxxoxxxxoxxxxoxooxxxxoxx
oxxxooxoxxxxxxxoxooxxoxxxoxxxxoxxxxxxxxxxxxxxxxxxx
xxxxoxxxoxxxxxoxxxxxoxxxxoxxxxoxxxxxxoxxxxxxxxxxxo
xxxoxxxxxxxxxxxxxxxxxoxooxxxxoxxxxooxxoxxxxxooxxxx
xxxxxxxxxxxoxxxoxxxoxxxxxxxxxxxxxxooxxxxxxxoxoxoxo
xxxxxxxxxxxxxxxxooxxxoxxxxxxoxoxxxxxoxxxoxxoxxooxx
xoxxxxoxxoxxxxxoxxxoxxxxooxxxxoxxxxxxxxoxxxxxxxxxx
xxxoxxxxxxxxoxxxxxxxxxoxxxxxoxxxxxxxxoxxxoxoxxxoxo
xxxxxoxxxxxxooxxoxoxoxxxxxxxxxxxxxxxxxxxooxoxxxxxx
xxoxxxxoxxxxxxxxoxxxxxxxxxxoxxxxoxxxxxxxxxoxxxxooo
xxxoxxoxoxxxxxxxxxxxxxxoxxxxxxxoxoxxoxxxxxooxxxxxx
xxxxxxxxxxooxoxxxxxxxxxxxxxxxxxoxxxooxxxxxoxxxxxxx
xxxxxxxoxxxxxoxoxxxxxxxooxoxxoxxxoxxxoxxxxxxxxxxxx
xxxxxxoxxoxxxoooxxxxxxxxoxxxxoxxxxxoxxxxxoxxxxxxoo
oxxxxxoxxxoxxxxxxxxoxxoxxxoxxxoxooxxxxxxxoxxoxxoxo
xxoxxooxooxxxxxooxxxxxoxxoxxoxoxxxxxoxxxxxxxxxxoxx
xxoxxxxxxxxxxxoxxxxxxxxxxxxxxxxxxxooxxoxoxxxxxxxxo
xoxxxoxxoxoxxxxxxxxxxxooxoxxxxxxxoxxxxxxxxoxoxxxoo
xxxxooxoxxoxoxxxooxxxxxxxxxooxxxxxoxxxoxxoxxxxxxxx
xxxoxxxxxxxxxoxxxxxxxoxxoxoxxxxxxxxxxxxoxoxxoxxoxx
oxxxxoxxxxxxxxxxxxxxxxxxxoxxxxxxxxxxoxoxxxoxxxxoxo
xxooxxxxxxxxxxoxxoxxxxxxxxxxxxoxxxoxxxxxxoxxxxxoxx
xxxxxxxxooxxxoxxxxoxxoxxoxxxxxxxxxxoxxxxxxxxooxxxx
xxxoxxxxxxxxxxxxxxxxxoxxxxxxooxxoxxxxxxoxxxxxoxxxo
xxooxxxxxxxoxxxxoxxxxxxxxxxxxoxxxxoxxoxxoxoxxxxxox
xxxxxoxxxoxxxxxxxxxoxoxoxxxxoxxxxxxxxxxxooxxxxxxxx
oxxoxxxxxoxxxxxoxxoxxxxxoxxxxxoxxxxxxxxxxxxxxxxxxx
oxxxxxxoxxxxoxxxxxxxxoxxxxoxxxoxxoxxxxxxxxxoxoxxxx
xxxxxxxoxxxxxxoxxoxxxxxoxoooxxxoxxxxxxxxxxxxxxxxxo
xxxxxxxxoxxxxoxxxoxxxoxxxooxxxxxxxxxxxxxoxxxxxoxxx
xxxxoxxxoxoxxxxxxxxxxxxoxoxoxxooxxxxxxoxxxxxoxxxxx
xxxxooxxxxxxxxxoxxxxxxxxxxxoxxxxxxxxxxooxxoxoxxoxx
xoxxxxxxxxxxxxxoxoxxxxxoxxxxxxxxxxxoxxxoxxxxxxxxxx
oxxxxooxxoxxoxxxxxoxxoxxxxxxxoxoxooxoxxxxxooxxxoxx
xxoxxxxxxxxxxxoooxxxxxxxxxxxxxxxxoxxxxxxxxoxxxxxxo
oxoxoxoxxxxxoxxxxxxxxxxxooxxxxoxxoxxxxoxxxxxxoxxxx
oxoxxxxxxoxxxxxxxxxxoxxxxxxxxxoxxxxxxxxxxxoxxxxxxx
xxxxxxxxoxxxxxxooxoxoxxoxoxxxxxooxxxxxxxxoxxxoxoxx
xxoxxxxoxxoxxxxxoxoxxxxxxxxxxxxxxooxxxoxxxxxxxxoxx
oxooxooxxxxxoxxoxxoxoxxoxxxxxxxoxxxxxxoxooxxxxxxxx
xxxxxxxxxxxxoxxxxxoxoxxoxxxxoxxxxxxxxxxoxoxxoxxxxx
ooxxoxxxoxxxxxoxxxoxxooxxxxxxxxxxoxxxxoxxooxxxxxxx
xxxxoxxxxxxxxxxxoxxxxxxxxxxxoxxxxxxxxxxxxoxoxxxoxx
xxxxxxxoxxxxxxxxoxxoxoxxxxxxoxxoxxxooxxxooxxoxxxxx
xxxxxxxxoxoxxxxoxxoxxxxoxxxxoxoxxxoxxoxxxoxoxxxxox
xxxxoxxxxxoxooxxoxxxxxxoxxxxxxxoxxxxxxxxoxxxxoxoxx
xxxxxxooxxoxxxoxxxxxxxxxxooxxxxxxxxxxxxxooxxxxoxxx
oxxoxooxxxxxxxxoxxoxxxxxxoxxxxxxxxxxxxxxooxxxxxxox
xoooxoxxoxxxoxxxxxxxxxxxoxoxoxxxooxxxxxxxxoxxoxxox
xoxxxxxxxxxxxxxxxxxxoxoxxxxxxxxxxxxxooxxxxoxxxooxx
xxxoxoxxxxoxxxxxoxxxxxxxxoxxxxxxxoxxxxooxoxxxxxxox
xxxxxoxoxxxoxoxoxxxxxooxxxooxoxoxxxxxxxxooxxoxoxxx
xxxooxxxxxxxxxxxxxxoxxxoxxxoxxxxxxxxoxoxxxxxxxxxxo
oxxoxxxxoxooxxxxxxxxoxooxoxxxoxxxxxxooxxoxxxxxoxox
oxxxxxxxxxxxxxxxxxxxxxxoxxxxxxoxxxxxoxxxoxxxxxxxox
xxxxxxxxxxxxxxoxxxxxxxxxxxoxxxoxoxxooxxxoxxxxxxxxx
xxxxoxxxxxxxxxoxxxxoxxxxxxxxxxoxxxooxxxxxooxxoxoxo
xxoxxxxxxxxxxxxxoxxxxxxxxoxxxxxxoxxxxxxxoxxxxxxxxx
xooxoxxxoxxxxxxxxxxxxoxxoxxxxxxxxoxxoxxxxxxxoxxoxx
xxxxxxxxxxxxxxoxxxxoxxxxxxxxxoxxxxxxxxxxxxoxoxxoxx
xxxooxxoxxxxxoooxxxxooxxxoxxxxxxxoxxoxoxxxxoxoxxxo
oxxxoxxoxxxxxxxxxoxxxxoooxxxxoxxoxxxxxxxxxxxxxxxxx
xxxxxxxxoxxxxooxxooxxxxxxxxxxoxxxxooxxxxxxooooxoxo
xxxxooxxxxxoxxxxxxxoxxxxxxoxxxxxxxxoxxxoxxxxooxoxx
xoxxxxoxxxxoxxoxoxxoxxooxxxxxxoxxooxoxoxxxxxxxxoxx
xxxxoxxxxxxxxxxoxxxxoxxoxxxxxxxxxxxxxoxxxxooxoxoxx
xxxxoxxxxxxxxxxxoxxxxoxxxxxoooxoxoxxxxxxxxxxxxxoxo
xxxooxxxxxxxoxxxxxxoxxxxxoxxxxxxxxxxoxxxxxoxxxxxox
xooxxoxxxxxxoxxxxxxxooooxxxxoxxxoxxxoxoxxxoxxxxxox
xxxxxxxoxxxxxoxxxxxoxxxoxxxxxxoxxxxxxxoxxxxxxxxxxx
xxoxxoxoxxxxxoxxoxoxxxxxxxxxoxxxoxxxxxxoxxoxxoxxox
oxxooxxxxxxxxxxxxoxxxxxxxxxxxoxxoxxxxxxooxoxxxxxxo
xxxoooxxxxxxoxxoxxxxxxxxxxxoxxxxxoxxxxxxxxxxxooxxx
xoxxxxxxxxxoxxxxxooxxxxoxxoooxxxxxxoxooxxxxxxxoxxx
xxoxxxxxxxxxxxooxxxxxxxxxxxxooxoxxooxxxxxoxooxoxxx
xoxxxxxxxxxxxxxoxxxoxxxxxoxxxxxxxxxxxxxxxxxxooxxxo
xxxxxxooxxxxxxoxxxxxoxxxxxoxxxoxxxxxxxoxxxxxxxxxxx
xxxxxxoxxxoxxxxxooxxxoxxxxxxxxoxxxxoxxxxxxxoxxooox
xxxxxxoxxxoxxxooxxxxxxxxxxxxxxxxxxooxxxxxxxxxxxxxx
xxoxoxoxxoxxxxxoxxxxoxxxxooxxxxxxoxxxxoxxoxxxxooxx
xxxxxxxoxoxxxxoxxoxoxxxxxxxxxooxxoxxxxxxxxoxxoxoox
xoxxxxxoxxxxxxxxoxxoxxoxxxxxxxooxxxxxxxxxxxxoxxxxx
xxoxxxxoxxxxxxxxxxxoxxxxxxxxxxoxxxooooxxxxxoxxxxox
xxxxxoxxxxxxooxxoxoxxxxxxxxxxxxxxoxoxoxxxxxxxxxxoo
xxxoxoxxxxxxxxoxxxxxxxoxxxxxxxxxxoxxxoxxxxxxxoxxxo
ooxxooxxoxoxxxxxoxxxxxxoxxxxooxxxxxxoxxxxxxoxxoxxx
xxooxxxxxxxxxxoxxxxxoxxxoooxxooxxooxxxxxxxoxoxxoxx
xxoxxxxxxxooxxxxxxxxxxoxooxoxxxxxxxxxxxoxxxxxxxoxx
xxxoxoxxxxxxoxxxoxxoxxxxxxxxxoxxxxxxxxxxxxxxoxxxxo
xxxxoxxxoxxoxxxxxxxxxoxxxxxxxxxxxxxxxxxoxoxxxxoxox
xxxxxxxoxxxoxoxxoxoxxxoxxxxxxxxxxxxoxxoxxoooxxxxxx
xxxxxxxxxxxxxxxxoxxoxxxxoxxxxxxxoxxxxxxxxxxxxoxoxo
xxxoxoxxoxoxxxxxxxxxxoxoxxxxoxxxxxxxxoxxxxxxxxxxxo
xoxxxxoooxxxxxxxoxxxxxoxxxxoxoxxxooxxxxxxxxxoxxxox
xxooxoxxxxxooxoxxoxxxoxxxoxxxxxxxxxxxxxxoxxxxxxxxx
xoxoxooxoxxxoxoxxooooxoxxxxxxxoxxoxxoxoxxxxxxxxxox
oxxoxxoxxoxxxoxxoxxxxxxoxxxxxoxoxxxxxoxoxxxxxxxxox
oxxxxxoxoxxxxxxoxoxxxxoxoxxoxxoxoxxxoxxxxxxxxxxxxx
xooxxoxxxooxxoxxoxxxxxxoxxxxxxoxxxxxooxxxxxxxoxoxo
xxxoxxxxoxoxooxxxoxxoxxxxxoxoxoxxxoxxxxoxxxxxoooxx
xxoxxoxoxoxxxxxxxoxxooooxxxooxxoxxxoxxooxooxxxoxxx
ooxxoxoxxoxoxxooxxxxxooxxoxxxxxxxxxxxxxoxxxxoxxxoo
oxxxoxxxxooxxxooxxoxxxoxxxxxoxxoxooxxxxoxxxxxxxooo
xxxxxxoxxoooxxxxxxooxxxxxxxxoxoxxoxoooxoxxxxxoxxxo
ooxoxxxooxxxxoxxxxxoxxxxxxooxxxxxxxxxxxxxxxxoxxxxx
xoxxxxooxxxxxxoxxoxoxxxxoxxxxoxoxxoxxxoxooxxxoxxxx
oxoxooxxxoxxxxxxxxxoxxooxoxxxoxxoxooxxxoooxxxxxxxo
xxxoxooxxxxxxxoxxxoxxxoxxxxxxxxxxxoxoxoxxxxxoxooxx
xxoxxxxxoxxxoooxxxxxxxoxxxxxxxxxxxxoxxxxxoxxxxxoxx
xxxxxxxoxxxxxoxoxoxoxoxxxxxxxxxooxxoxxxxxoxxoxoxxo
oxxxxoxoxxxxxxxxxxxxxxxxxxxxxoooxxxxxxxxxxxoxxxxxx
xxxxxxxoxxxxoxxoxxxxxxxooxooxoxxooxxxxxoxxoxooxxox
xxoxxxxoxxxxxxxxxoxxxxoxxxoxxxxxxxxxooxxxxxxxxxxxx
xxxxxxxooxxxxoxxxxxoxoxoxxxxxxxxxoxxoooxxxxxoxoxox
xxxxoxoxxooxxxxoxxxxooxxxooxoxooxxxxoxxxoxxoxxxxoo
xxoxooxxxxxxoxxxxxxxxxxoooxxxxoxooxooxxxxxxoxxxxox
xoxxxxxxoooxooxxxoxxoxxxxxxxxxxxxxxxxxoxxxoxoxooxo
xxxxxxxxxxxoxoxxxxxxoxoooooxoxoxxxxxxxxxxooxxxxxox
xxooxoxooxxoxxxxxxoxxoxoxooxxxoxoxxxooxxoxxxoxxxoo
oxxxoxoooxxxxxxoxxxxxoooxxxxoxxxoxoxxxoxxxoxxxxxox
xxoxxxoxxoooxxooxxxooxoxxxoxxxxxxxxoxxxxxxxxxxxxox
xooxxxooxxoxxxxxxxoxxxxooxxxxooxxoxxooxxxxxxxxxxxo
xxoxxoxxxxxoxxooxxxxxooxxoxxxoxxxxxoxxxxxxxxxxoxxx
xxxxxxxxxoxxxxxxxoxxoxxooxxxoxxxxxooxxoxxxxxxoxxxx
xxoxxoxoxxoxxxxooxxxxxxxxxxxxoxxxxxxoooxxxxxoxxxxx
xoxxxxxxoxxoxxooxxxxoooxoxxoxxxooxxxxxxoxxxoxoxxox
xxxoxxxxxxxoxxxxoxxoxxxxoxxxxooxxoxoxoxxxxoxxxoxxx
xxxoxoxoxxxxxxxxxxxoxoxxoxoooxxxoxxxxoxxxxxoxxoxxx
xxxxoxoxooxxoxoxxoooxxooxxoxoxxoxxoxxxooxxxxxoxxxx
xxxooxxxxoxxxoxxxoooxxxxxxxoxxoxxxxxxxoxxxxxxxxxox
xoxooxoooxxxxoxxoxxoxxxxxooxxxxxxxxoxxxxoxooooxxxx
xxxxxxoxoxxxxxxooxxxxxxxxxoxxoxxxoxxoxxxoxxxoxoxxo
xoooxxoxxxxxxxxxxxoxxxxxxxoxxxxxoxxxxoxxxoxxxxxoxx
xxxxoxxxxxxxxxxxxxooxxxxxxoxxooxxxxxxxxxxooxxooxxx
xoxxxxxoxxoxxxxxxxoxoxxxooxxxxooxxxoxxxxoxoxoxxxxx
xxxoxoxxxoxxoxxxxooxxxoxooxoxxxxooxxxxxxxxxoxxoxxx
xooxxxxxxxxoxxxxxxxxxooxxoxxoxxxxxxxxoxxxxoxxxxxxx
xxoxxxxxoxxxxxxxxxoxxxxxxoxxxxxxoxxoxxoxxxxxoxxxxx
oxoxxxoxxoxxxxxoxxxoxxxxxooxxxxoxxxxxxoooxxxxxxxox
oxxxxxxxxoxooxoxxxxxxoxoxxxxooxxooxoxxoxxxxxoxxxxx
oxoxxoxxxxxxooxxxxooxxoxxoxxxxxxxxxxxxoxxooxxoxoxx
xoxxxxxxxoooxxxxxoxxxoxoxxoxxoxxxxxxoxooxooxxxxxxx
xxxxoxxxxxxxoxxxxxxxxxxxxxoxoxxxxooxxxxoxxxxoxoxox
oxxxoxooxxoxxxxxxxooxoxxxxxxxoxoooooxxooxxoxxxxxxx
xxxoxxoxxxoxxxxoxxxxxxoxooxxxxxxxxxxxoxxoxxxoxxxxx
xxxoxxoxxxooxxxxoxxxoxxxxxxxxxxxxxooxxxoxoxxxxoxoo
xxxoxooooxxxxxxoxxxxxoxxxoxxxoooxoooxxoxxxoooxxxxx
xxxxxxxxooxxxoxxoooxxooxxoxoxxxxoxxxxxxxoxxoxxooox
xxoxxxoxxoxxxxxxxxoooxoxoxoxxxxxxxxoxxooooxxooxxox
xxxxoxxoxxxxxxxxxxoxoxxxoxoxoxxxxxxoxoxxxxoooxoxxx
xxxxxxxoxooxxooxooxoooxoxxoooxxxxxxxxoxoxoxxooxxoo
xxxxooxxxxxxoxxoxxxxxxxxxoxxxxxxxxxxxoxxxooxxxxxox
xxxxxxooooxxxxxoxooxxxxxxxxxxxxoxxxoooxxxoxxxxooox
oxoxxxxxxxxoxoxooxxxoxxxxxoxxxoxxxxxxxxxxoxxxxxxxx
xxooxoxooxxxxxxoxxxxxxxxxxoxxxxoxxxxoxxxxoooxxxxoo
xxxxoxoxoxxxxxxoxoxoxxxxoxoxxoxooxxxxxooxxxxxoxooo
xxxxoxxxxoxxxxoooxxoxoxxxxxoxxoxxxxxxxooxoxxxxoxoo
xxxxoxoxxxxxxxxxxoxxxoxxxxxoxxxxxxxoxxoxoxxxxxoxxx
xoxxxxxoxxoxxxxoxxxxoxoxoxxoxxxxxoxoxxxxxxoxoxoxxx
xoxxxxxoxxxxooxxxoxoxxoxxoooxxxxxxoxoxxoxxoxoxxoxx
xoooxxxxxoxxooxxooxoxxxxoxxxoxxxoxxxxxoxxxoxxoxxxo
xxxxxooxoxoxoxxxoxxoxxxxxxooxoxxxxoxxxxxxxxxooxxxx
xxoxxxxoxxoxoxoxxxxxooxoxxxxxxxxxxxxxxxxoxxoxxxoxx
xxxoxooxxooxxxxooxxoxxoxxoxoxxxxxxxoxxxoxxxxxxoooo
ooxxxoxxoxxoxoxxxxxxooooxxxoxoxoxxxxoxxxxxxxxxxxxo
xxxxoxxxooxoxxxxxoxxxxxooxxxoxxoxxxxoxooxxxxxoxooo
ooxoxxxoxoxxoxxxoxxxxoxxoxxxoxxxxxxxoxxxoxoxooxoxx
xxxoxxxxxoxoxxxxxxxoxoxxxxxxxoxoxoxooxxxxxxxoxxxox
xxxxxxoxxxxxxxoxoooxxxxoxoxxxxxxxxxxxxxoxxoxxxxxxx
xxxxxoxooxxxxoxxxxooxxxxooxxxooooxxxxxxxxoxoxoxxox
xxooxxxoxxxxxxxoxxxxxxxxxxxxxxxxxoooxooxxxoxxooxxx
oxooooxxxooxxxxxoxxxxxxxxxxxxxxxxooxoxxoooooxxxxxx
xxxoooxxxxxoxxxxxxxxxooxxoxxxxxoxoxxoxxxoxoooxxxox
xxoxoxoxxoxxxoxxxxxxoxxxxxxxxxxxxxxooxxoxxxxxxxoxx
oooxxoxxoxxxxxoxxxoxxoxoxxxxxxxoxxxxxxxxxxxoxxxxxo
xxxxxoxooxxxxoxxxooxoxxxooxxxxxxxxxxxxxxxoxooxxxxx
xxxxxxxxxxxoxxxxoxoxooxxxoxxxxoxxoxxoxxxoxxxxoxxxx
xxxoxxxoxxxxxxxxxxoxxxxxxxxooxxooxoxoxxoxxxxxoxxox
oooxxxxoxxxxxxxxoooxxxxxoxxxxxxoxxoxxxxxxooxoxxoox
oooxxxxxxxoxxxxxxoxxxoxooxoxooxxxxoxxxxxxxxxxxxxxx
xxxxxoxxoxxxxxxxxooxxxxoxxxoxxxxooxxxxoxxxxxxxxxox
xxxxxxxxooxxoxoxxxxxxoxoxxooxoxooxoxxoxxxxxoxxooxx
xxxxxxxxxooxxxxoxxxxxoxoxxxxoxxxoxoxxxoxxxxoxxoxxo
xxxxxxxxoxxoxxxxxxxxxxxxoxxxxxoxxxoxoxxxoxooxxooxx
xooxxxxxxxxxoxoxxxxooooxxooxxoxxxoxooxxxxoxoxoxxxx
xoxxxoxxoxoxoooxoxoxxxxxxoxxoxxxxooxoxxooxoooxxoxx
xxxooxxoxxxoxxoxxxxxxxxxoooxxxxxoxxxxoxxxxxxooxxxx
xoxxoxoxxxxxxxxoxxxoxxxoxxxxxxxxooxxxxoxxooxxxxoxx
xxoxxxxxxxxoxxxoxxoxxoxoxooxxxxxxxxxxxxoxoxxxxxoxx
xxxooxxoooxxoxxxxxoxoxxxxxxxxoxxxxoxxxxxxoxxoxxooo
xooxxxoxxxxxxxxxoxxoxoxxxxxxoxxoxxxxxxxxoxxxxxxxxx
xxoxxxxxxxxxoxxxxxxoxxoxxxxxxoooxoxxxxxooxxoxxxxxx
oxxxoxxxoxxxxooxxxoxxoxxxxoxxxxxxxoxoxxxxoxoxxxxxx
xxxoxoxxxxooxooxxxxoxxxxxoxoxxxxxoxxoxoxxoxoxxxoxx
xxxxoxxoxxxxxxxxxxxxxxxxxxxoxxxoooxxxxxoxxoxxxxxxx
xxxxxxxxooxooxxoxxxxxxxxxxoxooxoxxxxoxxxoxoxxxxoxx
xoooxxxxxoooxxoooxxxxxxxxxxoxxxxxoxoxoxxoxooxxxxox
xxoxxxxoxxxxxooxxoxxxoxxxooxxoooxoxxxxxoxxxoxxxxxo
ooxxxxxxoxoxoxxxxxxxxoxxoxoxxxxxxxxxxoxxxxoxxxoxxx
xoxxxxxxxooxxxxxxxooxxxxoxxxxxxoxxxoxxxxxxxxxxxoxx
oooxxxoxxxxxoxoxooxoxxxxxxxxoxxxoxxxoxooxxoxxxxxxx
xoxxxxxxxoxxxxxxxxooxxoxxxxxxoooxoooxxxxxxooooooxo
xoxoxxoxxxxxxxxoxxoxxxxxxoxoxxxxxxxoxoxxxoxoxxxxxx
xxxxoxxxoxoxxxxoxxoxxxxoooxxxxxxxxxxooxoooxxxxxxxx
xxoxxxoxooxxoxxxxxxooxoxxxxxoxoxxxoxxxoxxooxxxooox
oxxxxxoxxoxxxxoooxoxxoxoxxoxxxxxxxxoxxxxxxxoxxoxoo
xxxxxxxoxoxxxxxxxxooxxxxxxxxooxxxxxxxxxxxxxoxxxxxx
xxoooooxxxoxooooxxxxxxxxxxoxxxxxxxoxxxooxoxoxxxxxx
xoxxxxxxxxoooxxoooxxxxxxxxxxxxxxoxxxxooxxoxoxxoxxo
xxooxxxxxxxxxoxoxxxxxxooooxxxooxoxxxxxooxxxxxxxxxx
xxoooxxxxxoxxxxoxoxxxoxxxxxxxoxxooxxxxoxxxxxxxxxxx
xxoxoxxoxooxoxxxxxxooxoxxoxxxxxxoxxxoxoxoxoxxxoxxx
oxxoxoooxxoxxxxxxxxxxoxxxooxoxxoxoxxxooxxxoxxxxoxx
xxxxxxxxxxxxxxxxooxxxooxoxxxxoxoxxooxxxxxxxxoxxxxo
xoxoxxxxoxoxxxxxxxxxxxoxxxxxxxxxxxoxxoxxxxxxxoxxxx
xxxxxoooxxxxxxxxxxoxxxxxxxxxxxxxxxxoxxxxxxxoxoxoxx
xxxxxxxxxxooxxxxxoxxxxxxooxxoxxoxoxxoxoxoxxxxxxoxx
xxxxxxxoxxoxxxxxxoxxxxxxxxxxxxxxoxxxoxoooxxxxxxoxx
oxxxxxxoxxoxxxoooxoxxoxxxoxxxxxoxxxxxxxxxxxxooxxxo
oxooxxooxxoxoxxxoxxxxxxxoxoxxxxxooxoxxxxxxxoxooxox
xxxxoxooxxoxxxoxooxxooooxoxxxxxxxxxxxxxxoxooxxxxxx
xxxxxxxoxxoxxoooxxxxxxxxoxxxxoooxoxxxxoxoxxoxxxxxo
oxxxoxoxoxxxxxxxxoxoxxxoxxxxxooooxxoxxxxxoxoxxxxxx
xxxxxxxxxoxxoxxoxxxxxxxxxxxxxxxoxoxoxxoxxxxoxxoxxx
oxxxoxxxxxoxoxxoxxoxxxxoxxoxxxxxxxxxxooooxxxxoxxoo
xoxxxxoooxxxxxxoxxxxxoxooxxoxxxxxxoxxxxxoxxxoxoxxo
xxxoxxxxooxxooxxxxxooxxxxoxoxxxoxxooxoxooxoxxoxxxx
oxxxoooxxxxoxxoxxxxxxooxxoxoxoxxoxxxoxxxxxxoxoxxox
xxoxxoxxooxxoxxooxxoxxxxxxoxxxxoxoxxxoxoxxxxoxxxxx
oxxxxoxxoooxxxxxxxxxoxxoxxoooxxxxxxxxxxxoxxxxxxxxx
oxxoxxoxxxxxxxoxxoxxxxxxxoxxxxxxoxxxxxxxxxxxxxooxx
xxoxxxoxxxxoxxxoxxxoxxxxxxxxxxxxxoxxxxxxoxxxooxxxx
xoxxxxxxxxxxxoxooxxxxooxxxoxxxxoxoooxxxoxxoxxooxxx
oxxoxxxxxxxoxoxoxxxxxoxxoxxxxxxxxxxxxxxoxxxoxxoxxx
xoxxxxxxoooxoxxxoxxxxxxxoxxxxxxxoxxxoxoooxxoxoxoxx
xxxxxxxoxxooxxxoxxxxxxxxxoxxxxxxooxoxoooxxxxxxxxox
ooxoxxoxoxoxxoxxxoxoxxxoxoxoxxxooxxxxxxoxoxoooxoxx
xxxoxxxxoxxoxoxxxooxxooooxooxxxxxxxoxoxxxxxxooxoox
xxoxxxxxxxooxoxxxxxxxooxoxoxoxooxoxxxxxxxxxxooxxxx
xxxooxoooxxxxxxooxxxoxoxxxxoxooxxxxoxoooxxxxxxxxox
xxxxxxxooxxxxxxxxxxxxoxxxxxxxxxxxxxoxooxoxxxooxooo
ooxxxxxxxxxxoxoxooxxxoxooxxxxxoxxoxxxoxxxoxoxxoxxx
xxxoxxxooxxxxxxoxoxxoxxoxxooxooxooxxoxxxxxxxxxxxxo
xooxoxoooxooxxxxxooxxoxxxxxxxxxoxxoxxxxxoxoxxxxxxx
xxxxxoxxxxoxooxoxxxoxxxxxxxxooxxxxxxxoxoooxooxxxxx
xooxxoxxoxxxxxoxxxxxxoxooooxxoxxxxoxxxxxoxxxoxxoox
xxxxxooooxxxxoxxoxoxxoxxxxxxxxooxoxxxxxxooxxooxoxo
xoxxxxxoxxxoxxooxxxooxxxxxxoxxooxxxxoxoxxoxxooxxxx
oxxxxxxxxoxxoooxoxxxxxoxxxxxxoxxxoxoxxxxxxxooxoxxx
xxxxxxxoxxoxxooxxxoxxxxxooxxxoxoxxoxxooxxxxoooxxxo
xoxxoxxxxxoxxxoooxoxoxxxxxoxxoxxxxoxoxxxoxxxoxxxxx
xxoxxxxxooooxxoxxxxxxxxxxxxxxxxooxxoxoxxxoxxxxxoxo
xxoxxxoxxxxxxxxxxxxxoxxooxoxxxoxxxxxooxooxxooooxox
xxxxxxoxxxxxxxxxxxxxxxooxxxxxxxooxoxxoxxoxxxxooxox
xoxxxxxxoxooxxxxxxoxxxxxoxxxxxxxxoxxxxoxooxoxxxxxo
xxxoxxxoxoxxoxxxxxxxxxxxoxxoxxxxxxxoooooxxxxooxxox
xooxxoxxooxoxxxoooxxoxxxooxxxoxxooxxoxxooxxoxxxxxx
xoxxxooxoxxxoxxxxxxoooxoxxooxxxxxooxxxxoxxxxxxxxxo
xxoxoxxxxxoxxxxxxxxxxoxxxxxxxoxxxxoxoooxxxxxxxxoxo
xoooxxxxxxxoooxxxxxxoxoxoxxxxxxoooxoxxxxxoxoxxxxxx
xoxxxxoxxxxooxoxxxxxxxxxxxxoxxxxxxxxoxxxoxxoxxxxox
oxoxxoxxxoxxxxooxooxxxxxxxoxoxxoxxxoxxxxxxoxxxxxxo
ooxxxxxoxoooxxxxoxxxxxoxxxooxxxxxxoxxxxxxoxxxxxxox
xxxoxooooxooxxxxxxxxxoxxxooxooxooxxxxxooxxxxxxoxxx
xxoxxoxxxoxxoxxxooxxxxxxxoxxxxoxoooxxxoxoxoxxxxxxx
ooxxooxxoxoxxxxooxxxxxxxoxxxxxxxxxxxxooxooxoxoxxxx
xxoxoxoxxxxxxxooxxxxxoxxxxxxxoxxxxxooxoooxxxooooxx
xoxoxxxxxxxxxxooxxxooxxoxxxooxxxxooxxxooxxxxoxxxxx
xoxooxxxoxxooxoooxooxxoxxxxxooxxxoxoxxooooxxooxxxx
xoxxoxoooxxxxxooxxxoxoxxxxxxoxxoooooxxxoxxxxooxxxx
xxxxoxoxxxoxxxoxxxxoxoxxxooxxxxxxxxoxoooxxxxxxxoxo
xooxoxxxoxoxxxxxxxxxxxxxxooxxxxxoooxxxxoxoxxxoxxxx
xxxxxxxxxoxxxxxxoxxxxxxxxxxxxxooxxxxxxxxxxoxxxxxox
oxxxxxoxoxxxxxxxoxooxoxxxxxxxxxxxoxxxxoxxoxoxoxxxx
oxxoxxxoxxxoxxxxxxxxxoxxxxxoxxxxxoxoxxoxxxxxoxxxxx
oxoooxxoxxxoxooooooxxoxoxxxxxxxoxxxxxoxxoxxxoooxxx
xxoxxxxxxxxoxxoxxxxoxxxxxxoxoxooooooxxxxooooxxoxxo
xoxxxoxoxxxoxxxxxxxooxxxooxoxoxxooxxoxoxxoooxooooo
oooxxxoxxxxoxxoxoxxooxxoooxxxxxxxxxxoxooxoxoxxxoxo
xoxxxxxxxooxxxxxooxoxxxoxxoxxxoxxxxxxoooxoxxxxoxxx
xoxxxoxxxxxooxxxxxxxoxxxxxoxoxxxxooxxoxxoxoooooxox
xxxxxxxxxxxxxoxxoooxxooxxxxxxxxxxxxxoxxxoooxxxoxxo
ooooxoxxoxxoxxoxxoxxxxxxoxxxxxxoxxxxxooxxxxooxoxxo
xoxxxxooxxxxxxxxooooxxxxxxxxxxoxxoxooxoxxxoxxxoxxo
ooxxxoxxxoxxxxoxxxoxoxxoxoxoxxooxxxooxxooxxxxxxxxx
xoxxxxxoxxoxxooxxoxxxxxxooxxxxxxxxooxxooxxoxxxoxxx
xxxxxxxxxxoxxxxxoxooxxxoxoxxxxxxoxooxoxoxxoxxxoxxx
xxxxxxoxxooxxxoxxoxxxxxoxxoxxxoxoxxooxxooxxoxxoxxx
oooxxooxoxoxxoxoooxxxxxxxxoxxxxxxxoxoxooxxxxxxoxxx
oxxxxxxooxoxoxxxxooooxxxoxxooxooxxxxoxxxxxooxxxoox
xxxxxxxxxxoxxoooxoxxxxxoxxxxxxxoxxxoxxxxxxxxxxxoxo
xxxxoxxxxxxxxooxxxxoxxoxoxxooxxxxxxxxoxxoooxxxoxxx
ooxoxxxxxoxoxooxxxxxxxxxxxooxxxoxxoxxoxoxxxxxxxxxx
ooxxxoxoxooxxoxxoxxoxxoxoxxxxoxxxxoooxxxxxxxxoxxxo
xxxxxoxooxxxxooooxxoxxxxxxoxoxxoxxxoxxoxxoxxoxxxox
xxoxxxxxooxxxxoxxxxxoxxxxoxooxoxxxxxxoxxxxoxxxxxox
xxxxoxxxxxxxoxxoxxxxxxxxxoxxooxoxoxxoxxxxoxxxoxoxx
oxoxoxxxxxoxxxxxxxxoxxxoxxxxooxxoxxxxxoxxoxxxxxxxx
xxxxxxoxxxoxooxoxxooxxxooxxooxooxooxxxxxxxoxxxoxxx
xxxxooooxoxxxoxoxxxxxoxxxxxxoxxxxoxxxxooxxxxxoxxxx
xxxxooxxoooooxxxxxxxxxxoooxxxoxxxxxxoxoxxoxxxxxxox
xoxxoxxoxxxxxxxxxxxxxxxooxxxxoxxxxxxoxxxoxxxooxxxx
xoxxxxxooxxoxxoxxxxxxoxxxxxxxxoxooxxxooxxooxxoxxxo
oooxxxxxxxxxoooxxxxoxxoxxxxxxxxxxxooxoxoxxxxxxxoxx
xxxxooxxooxxxxxxxxxxxxxxxxoxoxxxxxxoxxxoxoxooxxxxx
xxxxoxxooxxxoxxoxxxxxxxxxoxxxxoxxxoxxoxxxoxxxooxxx
oxxxxxxxxxxxxxxoxoxxxooxoxxoxxxxxoxoxxoxxoxxxxxxox
xxxoxxoxxxxxxxoxxxxxxxxxxxxoxxxxoxxxxxxxxoxxxoxxox
oxxooxxoxoxxxxxooxxxxxoxxxoxooxxoooxoxxxxoxxooxxxx
ooxxxxxoxoxoxxxxxoxoxxxxxxxxxxoxooxoxoxxxxooxxxoxo
xxxxxxxoxxxoxoxxoooxxxxxxxoxxxxxxxooooxxxoxxxxxoxx
oxoxxoxoxxoxxxxxxxxoxxoxooooxooxxxoxooxxoxoxxxxxxo
ooxxxxxoooxxxxooxxoxooxoxoxxxxxooxxxxxxxxxxxoxxoxx
ooxxxxoxxxoxxxoxoxxxxxxxxxxxoxxxxxoxxxooxxxxoxoxxx
oxoxoxxxxxooxxxxoooxxxxoooxxxxxxxxxxxxxxxxxxxxxoox
xxxxxooxxooooxxxoxoxoooxoooxoxxoxoooxoxxxxxxxxxxxo
oxxxoxoxxxxoxxoxoxoxoxoxoxoxxxxxxoxxxoxxxxxxoxxoxx
oxoxoxxoooxxxxxoxxxxxoxxxxoxoxxxxxxxxxxxooxoxxxxox
xxxxoooxoxxxxxxxxxooxxxxxxxxoxxxxxxxoxxxxooooxxxxx
xoxoxooxxxxxxxxxxxxxxxxxxooxxoxoxxoooxxoxxxxxxxoox
oxoxxxxxxxxxxxxxxxxxxxoxxxxxoooxxxxxxxxxxxoxxxxxox
xxoxxxooxxxoxxoxxoxoxoooxxxxxxxxxxoxxxoxxooooxxoxx
xxxxxooxxxxoxxxxoxxxoxxxxxxoxoxxxxoxxxxxxxxxxxxxxx
oxxxoxxoxxxxoxxxoxxxxxoxxxxxxxoxxxxxxxxxoxoxxoxoxx
xxxxxoxoxxxxxxxoxxooxxxxxxxxxxxoxxxoooxoxxxooxxxox
oxxxoooxxxxxxoxxxxxxoxxxxxxxoxxoxxxoxxxxxxooxxxoxx
xxoxoxxxxoxxxooxxxoxoxxxxxxxoxxxxxooxooooxoxxxxoxx
xxxxoxxoxxxxooxxxxxoooooxoxxxxxxxxxoxxxxxxxxxoxxxx
oooxxxoxoxxoxxxxoxoxxxoxxxxxxxoxxxooxxoxxxxooxxxxx
ooxxxxxxxxxxxxxooxxoxxxxoxooooxxxoxxxoxxoxxoxxxxxo
xxxxoxxxoxxxoxxxoxxoxxxxxxxoxxxxxxxooxxooxoxooooox
xxxxoxxooxxxxxxoxxxxxxxoxxxoxxxxxxxxxxooxxxxxoxxox
xxoxxxoxxxxxxxooxoxoxoxooxoxoxxxoooxxoxxooxxoxxxxo
xxxxxxxxxoxxxxoxoxxxoxxxoooxxoxxxxoooxoxoxxxxxxxxx
xxoxoooxxxxxxxxxxxxxxoxoxxxxxxxxxxxxxxoxxxxooxxxxx
xoxoxxxxxxxxxxxxxxoxxxxxxoxxxxooxoxooxoxxoxoxoxxxx
xxxxxxxxxxxxooxoxxxxxxxooxxxxxoxxxoxxooxxxxxxxxooo
oxxoxxoxxxxxxxxxxxxxxxxxoxxxxxxxoxxxxxoxxoxxxxxxox
oxxxxxoxxxoooxxxxxxxxxxoxxxxxxxxxxxxoxxxoxooxxxxxx
xoxxxxxoxxooxxxxxoxxxxxxxxxxxxxxxxxxoxxoxxxoooxxxx
xxxxoxoxxxoxxoxooxxxooxxxxxxxxoxxxxxoooooxxxooxxxo
oxxxxxxxxooxxxooxxxxxooxxoxoxxxxoxxxxxxoxxxxxxxoox
ooxxxxxxxxoxxxooxoxoxxxoxxoxxxxxxooxooxxoxxxxxxxxx
xxxxxxoxxooxxoxxxxxxxoxxxxxxoxoxxxxoxoxxoxxxxoxxxx
oxoxoxxxxxooxoxxooxxoxxoxxxxxxxxxooxxxxxoooxoxxoxx
xoxxoxxxxxxxoxxxxxxxxxoxxxoxxoxxxxxxoxxoxooxxxooox
xoxoooxxxxxxxxoooxxxoxoooxxooxxxxxxxxoxxoxoxxoxoxx
xooxxoxooxxxxxxxxxxxxxxxxxxoooxxxoxxoxxxxxxxoxxxox
xxxxxxxoxooxoxoxxooxxoxxoxxxoxxxxxoooxxxxxxoxxxoox
xxxxxoxxxxoxxxxxxoxxxxxoxxoxxoxxoxxxxxxxoxooooxxxx
xoxxxxxooxxxxxoxxoxxxoxxxxxxxxxxxxxxoooxxxooxxxoxx
xxxxoxoxxxooxxxxxoxxxxxxxxxxxxxoxxxxxxxxoxxxxxxoxx
oxxoxxxxoxxxxxxxxooxxxxxxxxoxooxxoxxoxxxxxxxxxxxox
xxxoxoxoxxxxxoxxxxxxoxooxooxxxxoooxooxoxoxxxoxoxox
xooxxooxxxxxxxoxoxoxxxooxoxooxxxoooxxxxxxxooxxoxox
xxoxxxoxxxxxxxxxoxxxoxoxooxxxxoxooxxxooxoxoxxxoooo
xoxxxoxxxooxoxxxxooooxoxxxxxoooooxxxxooxxxxoxxoxox
xxxoxxxxxxxoxxxxxxxxxxxxxoxxxxxxooxxxxxxoxxxoxxxxx
xoxoxoxoxxxxoxxxxxxxxxxxooxxxoxooxxooxoxxxoxxxoxox
xxoxxoxxxxxxoxxxxxoxxxxxoxooxxoxxxxoxoxxxoxoxxxxxx
xxxxxooxxxxxxxoxxxxxxoxxxxxxxoxxxxoxxxxxxoxxxoxoox
xxxoxxxxxoxoxxoxxxxxxooxxxxxxxxxxoxxoxxoxxoxxxoxxx
xxxxxxoooooxoxxxxxxxxxxoxxoooxxxxxoxoxxooxoxoxxoxx
xxxooxxxxxxxxxoxxxxxxxxoxxxxoxxxxxxxxxxxoxxxxoxxxo
xxoxxxoxxxxxoxxxxoxxxxxoxoxoooxxxxoxxxxoxxxxxxxxox
xoxoxxxxxoxxxxxooxxxxxxxxxxxxxxxoxoxoxxxoxxxxxoxox
oxxoxooxxxxxooxxxooxxxxoooxxxoxxxxxxxxoxxxxoxxxxox
ooxxxxoxxxxxoxxxxoxoxxxoxoxxxoxxxxxxxxooxxxxxooxoo
xoxxxxxoxxxxxxxxooxxoxxxxxoxxxoooooxxxxoxxxxooxxxo
xxxoxoxxxxxxoxxxxoxxxxxxoxoxoxxxxooxxxxoxxxxxxooxo
xxxxxxxxxxxxxxoxoxxoxoxxooxoxxxoxoxxxxxooxoxxxxoxx
xoxxxxoxxxxxxxoxxxxxoooxxxxxxxxxxxxoxxxxoxxooxxxxo
xoxoxxxooxxxxoxxoooxxoxoxooxxxxxxxoxoxxoxoxxxxxxxo
oxxxxxxxxxxxxxxxxoxxoxxxoxooxoxoxxoxxxxxxxoooxxoxx
xoxxooxxoxoooxoxxxoxxxoxoxxoxoxxxxooxxxooxxxxxoxxx
xxoxxxoxoooxxxxxxxxxxxxxxxxxxoxxxoxxoxxxxxoxxxxxox
oooxoxxooxxxxxoxxxoxxxooxxxxxxxxxxooxoxxxoxxxxxxxx
xxxoxxxxxxxxxxooxxxxxoxxxxooxxxxoxooxxxxooxoxoxxxx
oxoooxoxxxoxxxxxxxxxxxxooxoxxoxxxxxxxxxxxxxxxxoxxx
xxxxoxxxxoxxoxxxxxoxxoxxxxxxxxxoxoxxxoxxooxooxxoxo
xxxoxxxxoxxoxxxoxxxxxxoxxoxoxxxoxxxxxoxxxxxxxoxoxx
xxxxxxxxxxxoxxxxxooxxxxxxxxoxxxooxxooxxxxxoxxoxxxx
xxxxoxxxxooxxxooxxxxoxxxoxxxxxxxxxxxoxxoxxxoxoxxox
xxoxxxooxxxxxxxxxxxxxxxxxoxxoxxxoxoxoxxxoooxxxoxoo
xoooxxxooxxxxxxoxoxoxxoxoxxxxxxxxoooxoxxxxoxxxxxxx
oxxoxxxooxxooxxoxxxxxxxoxooxxxxxxxxxoxxxxxoxxxoxox
xoxoxxxxxxxxooxxxxxoxxxoxxxxoxxxxxoxxxoxxxxxoxoxxo
ooxxoxoxoxxxxxxxoxxxxxxxxoxxxxxxxoxxoooxxxxoxxxxxx
ooxxxxxxxxooxxoxxxoxxxxxoxxxooxxxxooxxoxxxxxxxxxxx
oxxxxxxoxoxoxxoxxxoxoxxxoxxxoxoxxoxoxxxxxxoxxoxoox
xxxoxxxoxxoxoxxooxxoxxxoooxxxoxxxxxxoxoxoxxxxxxxoo
xxxoxxxoxxxxxxxxoxxxoxxxoxxxxxxxxxxxxxooooxxxxxoox
oxxxxoxxooxxxxxoxxxoooxoxoxxxxxxxooxoxoxxoooxxxoox
xxoxxxxxxxxxooxxoxooxxxxxxxxxxxxoxxxoxoxxoxxxxxoxo
xoxxxxxoooxxoxxxxooxoooxxxxxxxxxoxxxxoxxxxxxxxoxxx
xoxxooxxoooxxxoxxxoxxoxxxxxxxoxoxxxxoxxxxxoxxxxooo
xxxxxooxxxxxoxoxxxxoxxoxoxxxxxxxxxxoxxxoxxxxxxxxxx
xxxoxoxoxxoxoxxxxxoxxxoxxxxoxoxxxxxxxooxxoxoxxxxxx
xoxxxxxxxxxoxxxxxxoxxxxoxoxoxxxoooxxoxxxoxxoxxxoxx
ooxxxoooxxxxxxxoooxxooxxxoxxoxoxxxxoxxxxxxxxxxooxo
xxxxoxxxxxxxxxxoxoxoxxxxxxxxxxoxxoxoxoxxxxooxoxoxx
xxxxxoxxxxxoxxxxxoxxoxoxxxxxxoxoxxxoxxxxxoxxxxxxxx
xxxxooxooxxxxxoxxxoxxooxxxxxxoxxoxxxxxxxoxxxoxxoxo
xxxoxxxxoooooxooxxxxoxxxoxoxoxxxxxxoxxxoxoooxxoxxo
xxxxxoxoxxxoxxxxxoxoxxxxxxxxxxxxxxxxoxxxxxxooxoxxx
oxoxxoxxooxxxxxxxxxxooxxxoxxoxxoxxxxooxxxxxxoxooxo
xxxooxxxxoxoxxxxoxoxooooxxxxxoxxxooxxoxxxoxxxxoxox
xxoxxxxxxxxoxxoxxoxxxxooxxxxxxxxoxxxxxxxxoxxoxxxox
xxxoxxxxxxooxxxoxxxxoxoxxxoxxoxxxxxxxoxxxxxxoxxoxx
xoxxxxxxoxoxxxxxxxoooxxxxxoxxooooxoxxxxxxxxxxxxxxx
xxoxoxxoxoxxoxxxxxxoxooxxoxooxoxoxxooxxxxxxxxoxoox
oxoxxxxoxxxxooxoxxxoxoxxxxoxxxxxxoxxxxxxxxxoxxoxxx
xoxxooxooxxxxooxxoxxxxoxxxxxxooooxxoxxoxxoxxxoxoxx
xooxoxxxoxxoxxoxxxoxxxxoxxxxxooxxxxoxxxooxoxxxooox
oxxxooxxxxxxxxoxxxxxoxxxoxoxxoxoxxxooxooxxoooxoxxx
oxxxxoxxxxxxoxxxxoxxxxoxxxoxxxxxoxxxxxxxxxxxxoxxxx
xxxoxxooxxxoxoxxxxxxxoxxxxoxxooxxxxxxoxxxooooxxxoo
oxxoxxxxxoxxxxxxxxooxoxxxoxxooxoxxxoxxxxxxxooooxox
xxxxxxxooxooxxxoxxxxxxooxxxxooxxxoxooxxoxooxoxoxoo
oxxxxxxxooxxxoxoxxoxoxoxxxxxxxoxxxxxxxxxxxoxxxxxxx
xxxoxxoxoxooxxxoxxxoxxxxxxoxoxxoxxoxxoxoooxxxxxoxx
xxxxxxxxxxoxxoxxxxxxxxxxoxxoxxooxoxoxxxxxxxxoxxxxo
xxoxxxxxxoxxxxoxoxxoxxxxxxxoxxxxxxoxxxxxoxxxxxxxxx
xoxxoxxxxoxxxxooxxxoxxoxxxoxxoxxxxxxooxxoxxoxooxox
oxxoxxooxxxxxoxxxxxxxxxxoxoxxoxxoxoxoxooxoxxxxoxxx
xxxxxxxxxoxxxxoooxxxxoxoxxxxxxxoxxooxxxxxoxxoxxxxx
xxxoxxxxxxxxxxxxxooxooxxxxxooxxxxxxooxxxxoxxxoxoxx
xxxoxxxooooxxxxxxooxoxooxxxxooxxxoxxxxoxxxxoxoxxxo
xxxxoxxxoxxoxxxxxxxxoxxooxoxxxxxxxxoxoxxxxxxxooxxo
xxxxxxxxxooxxoxxxxxxoxxxxxoxxxxxxoxxxxxoxxxxxxxxxx
oxoxxxoxxxxoxxooxxxxxoooxxxxxxxxxxxxxxxoxoxxoxxxox
oxxxxoxxooxxxxoxxxooxoxxxxoxxooxxxxoxoxxoxxxxoxxxx
xxxoxoxxoxxooxxxoxxxxxoxxxxoxxoxxxxxxxxxxxxoxoxoxx
oxxxxoxxxxoxxxxoxxxooxxoxxoxxxxxoxxoxxxxooxxxxxxxx
xxxooooxxxxxxxoxxxxoxxxxxxooooxxooxoxoooxxxoxooxxx
ooxxxoxxxxxxoxxxoxxxxoxxxoooooxxxxxxxxxxxoxoxxooxo
xooooxoxxxxxoxxoxxxxoxoxxxxxxxoxxxxooxoooxxoxxxxxo
xxxxooxxxxoxoxxxxxxxxxxooxxoxxxxxxxxoxxooxxxoxxxxx
xxxxoxxoxxxxoxoxxoxxoxxxoxxoxooxxxxxxxoxxxoxoxoxox
xxxxoooxoxxxxxxoxxooxoxxooxxooxxxxoxxxooxxxxxxxoxx
oxoxxxoxxxooxxoxoxxoxxxxxxoxxoxooxxxxxooxxoxxoxoxx
xxxxoxxxxxxoxxxooxxxxooxxxxoxoxxxxxoxxoxxoxxxxxxxo
ooxxxxxxooxxxoxxoxxoooxxxxxxoxooxoxxxxoxxxxxxoxoxx
oxxoooxxxoxxxoxoxooxxxxoxoxxxxxxxoxoxoooxxxoxxxxxo
oxxxxxooxxxxoxxxxxxxxoxxxoxxxxxxxoooxxxxooooxxxxxx
xxxxxxoxxxxxxxxoxxxxxxxxoxooxoxxxxoxoxxxxoxxxxoxxx
xxxxoxoooxxxoxoxxxxxoxxxxxxoxxxxxxoxxxxooxxoxxxoxx
ooxoooxxoxoxooxoxxxooxxxxoxooxxxxoxxxxxxooxxoxxxox
xxxooxoxxooxxxoxxoooxxxxooooxxooxoxxxxoxxxxoxxxoxo
xxxxxxxxxoxoxxxxxxooxxoxoxxxxxxoooxxxxxxxoxooxxxxx
ooxxxxxxxoxxxxoxxxxxxoooxxxxxxxxxoxxxxxxxoxxxoooxx
xxoxoxxxxoooxooooxooxxxoxxxxxoxxxoxxoxxoxoxooxoxox
xxoxoxxxoxxxxoxoxxoxxxxoxxxxoxxooxooxxoooxxxooxxxx
xxxxxxxoxxxxxxxxooxxxxxxxxoxxooxooxxoxxoxoxoxoxxxo
ooxxxooooxooxoxxoxxxxxxoxooxoooxxxxxxxoxxxooxxxxxx
xoxxxoxxxxoxxoooxxxxxoxooxoxoxxxxxxxoxooxoxxoxooxx
oxxxxxxxxxxxxxxxxxxxxxooxoxxxooxxxxxxxoxoooxxxxoox
xxoxxxxooxooxoxoxxxxoxxxxoxxxoxoxoxxxooooxoxxxxxox
xxoxxxxxxxxxxoxxxoxxxxxoxoxxoxxxxxxxooxxoxxooxxxox
xxoxxxxxxxxoxxxooxoxxxooooxxxxxoxoxoxxxxxxoxoxoxoo
xxxxxxxxxxoxxxooxoxxxxxxooxxxxxxxoxxxxoxxxxxoxooxx
xxxxxxxxxooxxxoxxxoxooxxoxxxxxxxoxooxxxoxxooxooxxx
xxoxoxxxooxxxxxxxxoxxoxoxxoxoxxxxxxxxxxoxxxooxxxxx
xoxxxxxxxxxxoxxoxoxxxxxxxoooxxxxxxxxxxxxxxxxxxxxox
oxxxxxxxxxxxooxxxxxoxxxxoxoxxxxxxxxxxoxxxxxoxxxoox
xooxxoxxoxoxxxoxoxxxooxxxxxooxoxoxxxoxxxxxooxoxxxo
oxxxxxxoxxxoxxxxxooxxoxxxxooxxxoxxxxxoxxxoooxoxxox
ooxxxxxxxxxooxxxxxxxooxxoxxoxxoxxxxxxxxxxxxxxxxxxx
oxxxxxxoxoxxxoxxxxxxoxxxxxoxxxoxxxoxxxoxxxxoxxxxxx
xxxoxxxxxxxoxoxoxoooxxxxxoxxxxxxxoxxxxxxxxxoxxxxxx
oxxoxoxoxoxxxooxxxoxxxxxoxxxxoxxxxoxxxxxxxooxxxxox
xxxxxxxoxxxxxxooxoxoxoooxxxxxxxoxxooxxxoxxxxxxxoxx
xooxxxxxoooxxxoxoxoxxxxxxxxxoxoxxxxoxxxxxxxooxxoxx
ooxxxoxxxxxooxxoxoxxooxxxxoxxxoxxxoxoxxxxxoxxxxoxo
xxooxoxxooxxxxxxxxxoxxxxxxoxxxxxxxxxoxooxxxxxxxxxx
xxxoxxxxooxxxxxoxxxxxxxxxxoxxxxoxxxxxxxxxxxoooxoox
xxooxoxxxxxoxxxxxxoxxxoxxoxoxxxxxxxoxxooxxoxoxxxxo
xxxxxxxoooxoxoxxxxoxxxxoxxxxxooxxxxxoxooxxxxxxxxxx
xxxoxoxoxoxxxxxxxxxxxxxxxxxoxooooxxooxxoxxxxoxxxxo
xxxooxxoooxoxxxxxxxxxxxooxxxxxooxooxxxxxxxxxxxxxxx
oxxxxoxxoxxxxoooxxxoxxxooxxooxoxxxooxxxxxxxxxxxxxx
xxxoxoxxxoxxxxoxoxoxxxoxoxxoxoxxxoooxxxooxxxxxooox
xxxxxxxxxxxxoxoxxxoxoxxxxoxxxxxxxoooxxoxxxoxxxxxox
xxoxxxxxxxoxoxxxooxxxxxxoxxxxxxxxxxxxxxxxxooxoxxxx
xxoxoxoxxxoooxxoxxxxxxxxxxxxxxoxoxxxxooxxxoxxxoxxx
xoxxoxoxxxxxxxxxxoxxooxoxxxooxxooxoxooxoxooxxoxoox
xooxxxxxoxxxxxxxxxxxoxxoxxxoxoooxoxxxxxxoxxoxoooxx
ooxxxxoxxxooxxxxxxxxxxxxxxxoxxxxxxxoxxooxxooxoxxxx
ooxoxxxooxooxxooxoxooxxoxooxoxxxxxoxxxoxoxxoxoxxxx
xoxxxxoxoxoxxxxxxxxxxoooxxoxoxxoxoxoxoxxxxxooxxxxx
oxxoxxxoxxxxxxxxxxxxxxxooxoxoxxxxxoxxxxoxoxxxoxxxx
xxxxoooxxxxoooxxxxxxooxxoxoxxxoxxoxxoxoxxxxxxoooxo
xxoxoxxxxxxxxoxxxxoxxxxxxxxxxooxxxxxxoxxoxxxxxxoxo
xooxoxxoxxoxoxoxooxxxxxxxxxoxxxxxxooxxxxxxxxxxxoxo
xxxxxxxxxxoxoxooxoxxxoxxxxoxxxxxxxxxoxxxoooxxxxxxx
oxxxxxooxxoxooxxxoxoxxxxxoxxoxoxxxoxxxoxxxooxxxxxx
xoxxxxxxooxxxoxxxxxxoxoxxxxoxxxxoxxxoxxxoxxxxxxoxx
xxxxoxoxxooxxoxxxxxxoooooxoxoxxxxoxxoxxxooxxxxoxoo
xxoxoxxoooxoxxxxxxxxxxoxxooxxoxxxxxxoxxoxxxxoxoxxx
oxxxxooxxxxxxxoxxoxxxooxoxxxxxxxxxoxxxxxxxoxxxxxxx
xooxoxxxxxxxxxxxxoxxxooxxoxxxxoxxxooxxxoxxxxxxooxo
xoxxoxxoxxoxxxxxxxxxxoxoxxxooxxoxxxoxxxoxxxxxxxoxx
xxxxxxoxoxxxxxxxxxoxxxoxxxxoxoxxoxxxoxxxxxooxxooxx
xxxxxxxxxxxxxxxxooxoooxxxxxooxxxxxxxxxoxxoxxxxxoxo
xooxxxxxxxxxxxxxxxxxxxooxxxxxxxxxxxxxxxxxxxxxxxoox
xoxxxxxxoxxoooxxooxxxxxxxxoxoxxxooxxxxxoooxxoxxxxx
xxxooxoxxxxxxoxxoxxooxxxxxxxxxxxxoxoxxoooxxxxoxxxx
xxxxxxxxxxxxxxxxxxxxoxxoxxxoxxxoxxxxxooxxxxxoxxoxx
xoxxooxxooxxxoxxxxxxooxoooxxoooxoxooxxxxxxooooxoxx
xxxxxxxooxxxxxxxoxooxxxxxxxxxoxxxxxxoxxxxxxxxxxxoo
xxxxxoxxoooxxxxooxxxxoxxxxxxxxxxxxxxxxooooxxxxxoxx
ooxxxxoxxoxxxxxxxoxxxxxxxoxoxoxxoxxoxoxxooxooxxxox
xxxxooooxoxxoxxxxooxxxxxxxxxxxxxxooxxxooxoxxoxxxxx
xxoxoxxxoxxxoxxxoxxoxoxoxxxxxxxxoxxoxxxxxxoooxooxx
xxoxoxxoxoooooooxxxoxooxxoxooooxxoxxoxxxxxxooxxxxo
xxxxxxxooxxxxooxxxxxxoxxxxxxoxxxxxoxxxoxxxxxxoxxxo
oxxxxxxxxxxooxxxxxxooxxxxxxxxxoxxxxxoxxxxooxxoooox
oxxoxoxxxxxxxxxoxxxxooxxoxxxxxxxxxoxoxxxxxoxxxxxox
xxxoxooxoxxxxxxxxxxxxxxooxxoxxxxxooxoxoxoooxxoxxxx
xxoooxxoxxxoxxxxxxxxooxxoxxooooxxxoxxooooooxxxxxxo
xxxxoxxoxxoxoxxxxxoxxxxxoxoxooxoxxxxxxoxxxoxxoxxox
xxxxxxooxxxxxxxxxxxxoxoxxxxooxxoxoooxooxxxxooxxxxx
oxxxxxxxoxxoxxxxxxxoxxxxoxxoooxxxxxxxxoxxxxxxooxxx
xxxxxoxxxxooxxxoxxxxxoxxxoxxxxxxxoxxxxxoxxxoxxooxx
xxxooxxxxxxxxoxxxoxxxxoxoxxxxxxxxoooxxxxoxoooxxxxx
xooxxoxxxxxxoxxxxoxxxxxxxxoxoxoxoxxxxxxxxxxxxxoxxo
xooxxxxxooxxxoxxxxxxoxxxxxxxoxxxoxxxooxxxooxooooxx
xoxxooxxxxooxxxxoxoxxxxoxxoxxxooxxxxoooxxxoxxxxxxx
xxxxxooxooxxxxxoxxxxxooxxxxxxxoxxxxooxxxxxxxoxxxxx
xxoxoxxxxxxoxxoxoxxxxooxxxxxoxxxxxooxxxxxoxxoxxxxo
oxxxxxxoxxoxxxxxxoxxoxxxxxxoxxoxxxxxoxxxxoxxxoxxxx
xxxooxxxxxxxxxxoxxxxxxxxxxxxxxxxooxxxxxxxxxoxxoxoo
xxxoxxxxxxxxxxxoxxxoxxxoxoooxxxxoxxxoxxoxxoxooxxxx
xxxoxxxxoooxoxxxxxxxxxxxooxxoooxxxxxoxxooxooxoxxxx
xxxoxxxxxxxxxxoxxxxxxoxxxxxxxxoxxxooooxoooxoxxxxxx
xxxxooxxxxxxxxxoxxxoooxxoxxoxxxxooxxoxxxooxoxxxxox
xxxxxxxxxxoxoxxooxxxoxxxxoxxoxxxxxxoxxxxooxoxoxxxo
oxoxxoxoxoxxxoxxooxxxxooxooxxxxxxoxxxxxxxxoxoxxxox
xxoxoxxoxxxxxxooxxoxxxxoxxoxoxxxxxxxxxxxooxxxxxoxx
oxxoxxxooxxxxxooooooxoxoxxxoxoxxxxxoxxxxxoxxxxoxxx
xxxxxxxoxxoxxoxxxooxxoxxxxoxxxxxoxoxxxxxooxxxxxooo
xxxoxxxxxxxooxoxxxoxxxxxxxxxxxxxxoxxoxoxoxxoxxxxxx
xxxxxxooooxoxoxooxxoxxxxxxoooooxxxooxxoxxxxxxoxxxx
xxoxxxxxxxxxxxxxxxxxxxxoxxoxoxxoxxxxoxoxoxoxxoooxo
xoxxxxxxxoooxxoxxxxxxxxxxxxxxoxxxxxxxoxoxxoxoxxxox
xxoxxxxxooxxxxoxoxxxxxxxxxooxxxooxoxxxxoxxxxxxxxxx
ooxoxoooxxxxxxxoxxxxxooxoxoxxxxxxxxxxxoxoxxxxxxxxo
xxxxxxxxooxxoooxoxxxxxooxxxoxoooxooxoxxxoxxxxxooxo
xxxxxxxoxxxxoxxxoxoxoxxxooxxxoxxxxoxoxxxxxxxxooxxx
ooxoxxxoxoxxxxxxxxxxooxxxxxxxxoxxxxxxoxxoxooxxxxxx
xxxxxxxxooxoxxxoxxxoxxxxoxxooxxxxxxxxxxoxxxxooxxox
xxxxxxxoxxoxxxoxxoxxoxxxxoxoxoxxxxxxxxxxxxxxoxoxxx
oxxoxxoxooxxoxxxxooxxxxxxxxoxxxoxxoxxxxxxooxoxxxox
xxoxxxoxxxxxxooxxxxxxxooooxxxxxxxxoxxxoxxxxxxooxoo
xxxxoxxoxxoxxxooxxxxoxxxxxxxxooxxoxxxxxxoxxxxoxoxo
xxxxoxxooxxoxxoxxxxxxxoxxxxxxxxxxxxxxxxoxxxooxxxxx
xxxoxxoxxoxxoxxxxoxxoxxxoooxooxxooxxxoxxooxoxxoxxx
oxxxoxxxoxoxxoxxxoxxxoxxxxxxxxxxxxxoxxxoxoxxxoxxox
xoxxoxxxooooxxxxxxxxxxxoxxxxxoxxxooxxxxoxooxxxxoxo
xxxoxoxoooxoxoxxxoxooxoxxxooxooxxxoxxxooxoxxoxoxxx
xxxxxxxxxxxxoxxxxxxxxxoxxooxooooooxxxxxxxoxxxxxooo
xxoxxxxxoxxxoxoxxxxxoxxxxoxxoxxxxxoxoxoxxxoxxxxoxx
oxoxxxxoxxxxxxxxxxxxxoooxxxxxxxoxxoooxxooxxxxxooox
xxoxoxxxxoxxxxoxxxxxoxxoxxxxoxxxxoxxxxxxxoxxxxooxx
xxxxxxoxoxoxxxxooxooxxxxxxxxxxooxxxxxxxoxxxxxoxxxx
oxxxxxxxxxxxoxxxxoxxxxxxoxxoxxoxxxxxxxoxxxoxxxxxox


mtest> usage
Period time used : 9.64 seconds
Total time used  : 10.89 seconds
Total memory used: 157.1 M Bytes

mtest> mtr

mtest> q -f

